0 verbose cli /Users/italofelipe/.nvm/versions/node/v23.6.0/bin/node /Users/italofelipe/.nvm/versions/node/v23.6.0/bin/npm
1 info using npm@11.0.0
2 info using node@v23.6.0
3 silly config load:file:/Users/italofelipe/.nvm/versions/node/v23.6.0/lib/node_modules/npm/npmrc
4 silly config load:file:/Users/italofelipe/Downloads/portfolio-2.0-main/.npmrc
5 silly config load:file:/Users/italofelipe/.npmrc
6 silly config load:file:/Users/italofelipe/.nvm/versions/node/v23.6.0/etc/npmrc
7 verbose title npm install
8 verbose argv "install"
9 verbose logfile logs-max:10 dir:/Users/italofelipe/Downloads/portfolio-2.0-main/.npm-cache/_logs/2025-01-18T16_05_18_847Z-
10 verbose logfile /Users/italofelipe/Downloads/portfolio-2.0-main/.npm-cache/_logs/2025-01-18T16_05_18_847Z-debug-0.log
11 silly logfile done cleaning log files
12 silly packumentCache heap:4345298944 maxSize:1086324736 maxEntrySize:543162368
13 silly idealTree buildDeps
14 silly reify moves {}
15 silly audit bulk request {
15 silly audit   '@alloc/quick-lru': [ '5.2.0' ],
15 silly audit   '@babel/runtime': [ '7.25.7' ],
15 silly audit   '@emnapi/runtime': [ '1.3.1' ],
15 silly audit   '@eslint-community/eslint-utils': [ '4.4.0' ],
15 silly audit   '@eslint-community/regexpp': [ '4.11.1' ],
15 silly audit   '@eslint/eslintrc': [ '2.1.4' ],
15 silly audit   '@eslint/js': [ '8.49.0' ],
15 silly audit   '@floating-ui/core': [ '1.6.8' ],
15 silly audit   '@floating-ui/dom': [ '1.6.11' ],
15 silly audit   '@floating-ui/react-dom': [ '2.1.2' ],
15 silly audit   '@floating-ui/utils': [ '0.2.8' ],
15 silly audit   '@hookform/resolvers': [ '3.9.0' ],
15 silly audit   '@humanwhocodes/config-array': [ '0.11.14' ],
15 silly audit   '@humanwhocodes/module-importer': [ '1.0.1' ],
15 silly audit   '@humanwhocodes/object-schema': [ '2.0.3' ],
15 silly audit   '@img/sharp-darwin-arm64': [ '0.33.5' ],
15 silly audit   '@img/sharp-darwin-x64': [ '0.33.5' ],
15 silly audit   '@img/sharp-libvips-darwin-arm64': [ '1.0.4' ],
15 silly audit   '@img/sharp-libvips-darwin-x64': [ '1.0.4' ],
15 silly audit   '@img/sharp-libvips-linux-arm': [ '1.0.5' ],
15 silly audit   '@img/sharp-libvips-linux-arm64': [ '1.0.4' ],
15 silly audit   '@img/sharp-libvips-linux-s390x': [ '1.0.4' ],
15 silly audit   '@img/sharp-libvips-linux-x64': [ '1.0.4' ],
15 silly audit   '@img/sharp-libvips-linuxmusl-arm64': [ '1.0.4' ],
15 silly audit   '@img/sharp-libvips-linuxmusl-x64': [ '1.0.4' ],
15 silly audit   '@img/sharp-linux-arm': [ '0.33.5' ],
15 silly audit   '@img/sharp-linux-arm64': [ '0.33.5' ],
15 silly audit   '@img/sharp-linux-s390x': [ '0.33.5' ],
15 silly audit   '@img/sharp-linux-x64': [ '0.33.5' ],
15 silly audit   '@img/sharp-linuxmusl-arm64': [ '0.33.5' ],
15 silly audit   '@img/sharp-linuxmusl-x64': [ '0.33.5' ],
15 silly audit   '@img/sharp-wasm32': [ '0.33.5' ],
15 silly audit   '@img/sharp-win32-ia32': [ '0.33.5' ],
15 silly audit   '@img/sharp-win32-x64': [ '0.33.5' ],
15 silly audit   '@isaacs/cliui': [ '8.0.2' ],
15 silly audit   'ansi-regex': [ '6.1.0', '5.0.1' ],
15 silly audit   'strip-ansi': [ '7.1.0', '6.0.1' ],
15 silly audit   '@jridgewell/gen-mapping': [ '0.3.5' ],
15 silly audit   '@jridgewell/resolve-uri': [ '3.1.2' ],
15 silly audit   '@jridgewell/set-array': [ '1.2.1' ],
15 silly audit   '@jridgewell/sourcemap-codec': [ '1.5.0' ],
15 silly audit   '@jridgewell/trace-mapping': [ '0.3.25' ],
15 silly audit   '@next/env': [ '13.5.1' ],
15 silly audit   '@next/eslint-plugin-next': [ '13.5.1' ],
15 silly audit   '@next/swc-darwin-arm64': [ '13.5.1' ],
15 silly audit   '@next/swc-darwin-x64': [ '13.5.1' ],
15 silly audit   '@next/swc-linux-arm64-gnu': [ '13.5.1' ],
15 silly audit   '@next/swc-linux-arm64-musl': [ '13.5.1' ],
15 silly audit   '@next/swc-linux-x64-gnu': [ '13.5.1' ],
15 silly audit   '@next/swc-linux-x64-musl': [ '13.5.1' ],
15 silly audit   '@next/swc-wasm-nodejs': [ '13.5.1' ],
15 silly audit   '@next/swc-win32-arm64-msvc': [ '13.5.1' ],
15 silly audit   '@next/swc-win32-ia32-msvc': [ '13.5.1' ],
15 silly audit   '@next/swc-win32-x64-msvc': [ '13.5.1' ],
15 silly audit   '@nodelib/fs.scandir': [ '2.1.5' ],
15 silly audit   '@nodelib/fs.stat': [ '2.0.5' ],
15 silly audit   '@nodelib/fs.walk': [ '1.2.8' ],
15 silly audit   '@nolyfill/is-core-module': [ '1.0.39' ],
15 silly audit   '@pkgjs/parseargs': [ '0.11.0' ],
15 silly audit   '@radix-ui/number': [ '1.1.0' ],
15 silly audit   '@radix-ui/primitive': [ '1.1.0', '1.0.1' ],
15 silly audit   '@radix-ui/react-accordion': [ '1.2.1' ],
15 silly audit   '@radix-ui/react-alert-dialog': [ '1.1.2' ],
15 silly audit   '@radix-ui/react-arrow': [ '1.1.0' ],
15 silly audit   '@radix-ui/react-aspect-ratio': [ '1.1.0' ],
15 silly audit   '@radix-ui/react-avatar': [ '1.1.1' ],
15 silly audit   '@radix-ui/react-checkbox': [ '1.1.2' ],
15 silly audit   '@radix-ui/react-collapsible': [ '1.1.1' ],
15 silly audit   '@radix-ui/react-collection': [ '1.1.0' ],
15 silly audit   '@radix-ui/react-context': [ '1.1.0', '1.1.1', '1.0.1' ],
15 silly audit   '@radix-ui/react-compose-refs': [ '1.1.0', '1.0.1' ],
15 silly audit   '@radix-ui/react-context-menu': [ '2.2.2' ],
15 silly audit   '@radix-ui/react-dialog': [ '1.1.2', '1.0.5' ],
15 silly audit   '@radix-ui/react-direction': [ '1.1.0' ],
15 silly audit   '@radix-ui/react-dismissable-layer': [ '1.1.1', '1.0.5' ],
15 silly audit   '@radix-ui/react-dropdown-menu': [ '2.1.2' ],
15 silly audit   '@radix-ui/react-focus-guards': [ '1.1.1', '1.0.1' ],
15 silly audit   '@radix-ui/react-focus-scope': [ '1.1.0', '1.0.4' ],
15 silly audit   '@radix-ui/react-hover-card': [ '1.1.2' ],
15 silly audit   '@radix-ui/react-id': [ '1.1.0', '1.0.1' ],
15 silly audit   '@radix-ui/react-label': [ '2.1.0' ],
15 silly audit   '@radix-ui/react-menu': [ '2.1.2' ],
15 silly audit   '@radix-ui/react-menubar': [ '1.1.2' ],
15 silly audit   '@radix-ui/react-navigation-menu': [ '1.2.1' ],
15 silly audit   '@radix-ui/react-popover': [ '1.1.2' ],
15 silly audit   '@radix-ui/react-popper': [ '1.2.0' ],
15 silly audit   '@radix-ui/react-portal': [ '1.1.2', '1.0.4' ],
15 silly audit   '@radix-ui/react-presence': [ '1.1.1', '1.0.1' ],
15 silly audit   '@radix-ui/react-primitive': [ '2.0.0', '1.0.3' ],
15 silly audit   '@radix-ui/react-progress': [ '1.1.0' ],
15 silly audit   '@radix-ui/react-radio-group': [ '1.2.1' ],
15 silly audit   '@radix-ui/react-roving-focus': [ '1.1.0' ],
15 silly audit   '@radix-ui/react-scroll-area': [ '1.2.0' ],
15 silly audit   '@radix-ui/react-select': [ '2.1.2' ],
15 silly audit   '@radix-ui/react-separator': [ '1.1.0' ],
15 silly audit   '@radix-ui/react-slider': [ '1.2.1' ],
15 silly audit   '@radix-ui/react-slot': [ '1.1.0', '1.0.2' ],
15 silly audit   '@radix-ui/react-switch': [ '1.1.1' ],
15 silly audit   '@radix-ui/react-tabs': [ '1.1.1' ],
15 silly audit   '@radix-ui/react-toast': [ '1.2.2' ],
15 silly audit   '@radix-ui/react-toggle': [ '1.1.0' ],
15 silly audit   '@radix-ui/react-toggle-group': [ '1.1.0' ],
15 silly audit   '@radix-ui/react-tooltip': [ '1.1.3' ],
15 silly audit   '@radix-ui/react-use-callback-ref': [ '1.1.0', '1.0.1' ],
15 silly audit   '@radix-ui/react-use-controllable-state': [ '1.1.0', '1.0.1' ],
15 silly audit   '@radix-ui/react-use-escape-keydown': [ '1.1.0', '1.0.3' ],
15 silly audit   '@radix-ui/react-use-layout-effect': [ '1.1.0', '1.0.1' ],
15 silly audit   '@radix-ui/react-use-previous': [ '1.1.0' ],
15 silly audit   '@radix-ui/react-use-rect': [ '1.1.0' ],
15 silly audit   '@radix-ui/react-use-size': [ '1.1.0' ],
15 silly audit   '@radix-ui/react-visually-hidden': [ '1.1.0' ],
15 silly audit   '@radix-ui/rect': [ '1.1.0' ],
15 silly audit   '@rtsao/scc': [ '1.1.0' ],
15 silly audit   '@rushstack/eslint-patch': [ '1.10.4' ],
15 silly audit   '@swc/helpers': [ '0.5.2' ],
15 silly audit   '@types/d3-array': [ '3.2.1' ],
15 silly audit   '@types/d3-color': [ '3.1.3' ],
15 silly audit   '@types/d3-ease': [ '3.0.2' ],
15 silly audit   '@types/d3-interpolate': [ '3.0.4' ],
15 silly audit   '@types/d3-path': [ '3.1.0' ],
15 silly audit   '@types/d3-scale': [ '4.0.8' ],
15 silly audit   '@types/d3-shape': [ '3.1.6' ],
15 silly audit   '@types/d3-time': [ '3.0.3' ],
15 silly audit   '@types/d3-timer': [ '3.0.2' ],
15 silly audit   '@types/json5': [ '0.0.29' ],
15 silly audit   '@types/node': [ '20.6.2' ],
15 silly audit   '@types/prop-types': [ '15.7.13' ],
15 silly audit   '@types/react': [ '18.2.22' ],
15 silly audit   '@types/react-dom': [ '18.2.7' ],
15 silly audit   '@types/scheduler': [ '0.23.0' ],
15 silly audit   '@typescript-eslint/parser': [ '6.21.0' ],
15 silly audit   '@typescript-eslint/scope-manager': [ '6.21.0' ],
15 silly audit   '@typescript-eslint/types': [ '6.21.0' ],
15 silly audit   '@typescript-eslint/typescript-estree': [ '6.21.0' ],
15 silly audit   'brace-expansion': [ '2.0.1', '1.1.11' ],
15 silly audit   minimatch: [ '9.0.3', '3.1.2', '9.0.5' ],
15 silly audit   '@typescript-eslint/visitor-keys': [ '6.21.0' ],
15 silly audit   acorn: [ '8.12.1' ],
15 silly audit   'acorn-jsx': [ '5.3.2' ],
15 silly audit   ajv: [ '6.12.6' ],
15 silly audit   'ansi-styles': [ '4.3.0', '6.2.1' ],
15 silly audit   'any-promise': [ '1.3.0' ],
15 silly audit   anymatch: [ '3.1.3' ],
15 silly audit   arg: [ '5.0.2' ],
15 silly audit   argparse: [ '2.0.1' ],
15 silly audit   'aria-hidden': [ '1.2.4' ],
15 silly audit   'aria-query': [ '5.1.3' ],
15 silly audit   'array-buffer-byte-length': [ '1.0.1' ],
15 silly audit   'array-includes': [ '3.1.8' ],
15 silly audit   'array-union': [ '2.1.0' ],
15 silly audit   'array.prototype.findlast': [ '1.2.5' ],
15 silly audit   'array.prototype.findlastindex': [ '1.2.5' ],
15 silly audit   'array.prototype.flat': [ '1.3.2' ],
15 silly audit   'array.prototype.flatmap': [ '1.3.2' ],
15 silly audit   'array.prototype.tosorted': [ '1.1.4' ],
15 silly audit   'arraybuffer.prototype.slice': [ '1.0.3' ],
15 silly audit   'ast-types-flow': [ '0.0.8' ],
15 silly audit   autoprefixer: [ '10.4.15' ],
15 silly audit   'available-typed-arrays': [ '1.0.7' ],
15 silly audit   'axe-core': [ '4.10.0' ],
15 silly audit   'axobject-query': [ '4.1.0' ],
15 silly audit   'balanced-match': [ '1.0.2' ],
15 silly audit   'binary-extensions': [ '2.3.0' ],
15 silly audit   braces: [ '3.0.3' ],
15 silly audit   browserslist: [ '4.24.0' ],
15 silly audit   busboy: [ '1.6.0' ],
15 silly audit   'call-bind': [ '1.0.7' ],
15 silly audit   callsites: [ '3.1.0' ],
15 silly audit   'camelcase-css': [ '2.0.1' ],
15 silly audit   'caniuse-lite': [ '1.0.30001667' ],
15 silly audit   chalk: [ '4.1.2' ],
15 silly audit   chokidar: [ '3.6.0' ],
15 silly audit   'glob-parent': [ '5.1.2', '6.0.2' ],
15 silly audit   'class-variance-authority': [ '0.7.0' ],
15 silly audit   clsx: [ '2.0.0', '2.1.1' ],
15 silly audit   'client-only': [ '0.0.1' ],
15 silly audit   cmdk: [ '1.0.0' ],
15 silly audit   'react-remove-scroll': [ '2.5.5', '2.6.0' ],
15 silly audit   color: [ '4.2.3' ],
15 silly audit   'color-convert': [ '2.0.1' ],
15 silly audit   'color-name': [ '1.1.4' ],
15 silly audit   'color-string': [ '1.9.1' ],
15 silly audit   commander: [ '4.1.1' ],
15 silly audit   'concat-map': [ '0.0.1' ],
15 silly audit   'cross-spawn': [ '7.0.3' ],
15 silly audit   cssesc: [ '3.0.0' ],
15 silly audit   csstype: [ '3.1.3' ],
15 silly audit   'd3-array': [ '3.2.4' ],
15 silly audit   'd3-color': [ '3.1.0' ],
15 silly audit   'd3-ease': [ '3.0.1' ],
15 silly audit   'd3-format': [ '3.1.0' ],
15 silly audit   'd3-interpolate': [ '3.0.1' ],
15 silly audit   'd3-path': [ '3.1.0' ],
15 silly audit   'd3-scale': [ '4.0.2' ],
15 silly audit   'd3-shape': [ '3.2.0' ],
15 silly audit   'd3-time': [ '3.1.0' ],
15 silly audit   'd3-time-format': [ '4.1.0' ],
15 silly audit   'd3-timer': [ '3.0.1' ],
15 silly audit   'damerau-levenshtein': [ '1.0.8' ],
15 silly audit   'data-view-buffer': [ '1.0.1' ],
15 silly audit   'data-view-byte-length': [ '1.0.1' ],
15 silly audit   'data-view-byte-offset': [ '1.0.0' ],
15 silly audit   'date-fns': [ '3.6.0' ],
15 silly audit   debug: [ '4.3.7', '3.2.7' ],
15 silly audit   'decimal.js-light': [ '2.5.1' ],
15 silly audit   'deep-equal': [ '2.2.3' ],
15 silly audit   'deep-is': [ '0.1.4' ],
15 silly audit   'define-data-property': [ '1.1.4' ],
15 silly audit   'define-properties': [ '1.2.1' ],
15 silly audit   'detect-libc': [ '2.0.3' ],
15 silly audit   'detect-node-es': [ '1.1.0' ],
15 silly audit   didyoumean: [ '1.2.2' ],
15 silly audit   'dir-glob': [ '3.0.1' ],
15 silly audit   dlv: [ '1.1.3' ],
15 silly audit   doctrine: [ '3.0.0', '2.1.0' ],
15 silly audit   'dom-helpers': [ '5.2.1' ],
15 silly audit   eastasianwidth: [ '0.2.0' ],
15 silly audit   'electron-to-chromium': [ '1.5.34' ],
15 silly audit   'embla-carousel': [ '8.3.0' ],
15 silly audit   'embla-carousel-react': [ '8.3.0' ],
15 silly audit   'embla-carousel-reactive-utils': [ '8.3.0' ],
15 silly audit   'emoji-regex': [ '9.2.2', '8.0.0' ],
15 silly audit   'enhanced-resolve': [ '5.17.1' ],
15 silly audit   'es-abstract': [ '1.23.3' ],
15 silly audit   'es-define-property': [ '1.0.0' ],
15 silly audit   'es-errors': [ '1.3.0' ],
15 silly audit   'es-get-iterator': [ '1.1.3' ],
15 silly audit   'es-iterator-helpers': [ '1.1.0' ],
15 silly audit   'es-object-atoms': [ '1.0.0' ],
15 silly audit   'es-set-tostringtag': [ '2.0.3' ],
15 silly audit   'es-shim-unscopables': [ '1.0.2' ],
15 silly audit   'es-to-primitive': [ '1.2.1' ],
15 silly audit   escalade: [ '3.2.0' ],
15 silly audit   'escape-string-regexp': [ '4.0.0' ],
15 silly audit   eslint: [ '8.49.0' ],
15 silly audit   'eslint-config-next': [ '13.5.1' ],
15 silly audit   'eslint-import-resolver-typescript': [ '3.6.3' ],
15 silly audit   'eslint-import-resolver-node': [ '0.3.9' ],
15 silly audit   'eslint-module-utils': [ '2.12.0' ],
15 silly audit   'eslint-plugin-import': [ '2.31.0' ],
15 silly audit   semver: [ '6.3.1', '7.6.3' ],
15 silly audit   'eslint-plugin-jsx-a11y': [ '6.10.0' ],
15 silly audit   'eslint-plugin-react': [ '7.37.1' ],
15 silly audit   'eslint-plugin-react-hooks': [ '4.6.2' ],
15 silly audit   resolve: [ '2.0.0-next.5', '1.22.8' ],
15 silly audit   'eslint-scope': [ '7.2.2' ],
15 silly audit   'eslint-visitor-keys': [ '3.4.3' ],
15 silly audit   espree: [ '9.6.1' ],
15 silly audit   esquery: [ '1.6.0' ],
15 silly audit   esrecurse: [ '4.3.0' ],
15 silly audit   estraverse: [ '5.3.0' ],
15 silly audit   esutils: [ '2.0.3' ],
15 silly audit   eventemitter3: [ '4.0.7' ],
15 silly audit   'fast-deep-equal': [ '3.1.3' ],
15 silly audit   'fast-equals': [ '5.0.1' ],
15 silly audit   'fast-glob': [ '3.3.2' ],
15 silly audit   'fast-json-stable-stringify': [ '2.1.0' ],
15 silly audit   'fast-levenshtein': [ '2.0.6' ],
15 silly audit   fastq: [ '1.17.1' ],
15 silly audit   'file-entry-cache': [ '6.0.1' ],
15 silly audit   'fill-range': [ '7.1.1' ],
15 silly audit   'find-up': [ '5.0.0' ],
15 silly audit   'flat-cache': [ '3.2.0' ],
15 silly audit   flatted: [ '3.3.1' ],
15 silly audit   'for-each': [ '0.3.3' ],
15 silly audit   'foreground-child': [ '3.3.0' ],
15 silly audit   'fraction.js': [ '4.3.7' ],
15 silly audit   'fs.realpath': [ '1.0.0' ],
15 silly audit   fsevents: [ '2.3.3' ],
15 silly audit   'function-bind': [ '1.1.2' ],
15 silly audit   'function.prototype.name': [ '1.1.6' ],
15 silly audit   'functions-have-names': [ '1.2.3' ],
15 silly audit   'get-intrinsic': [ '1.2.4' ],
15 silly audit   'get-nonce': [ '1.0.1' ],
15 silly audit   'get-symbol-description': [ '1.0.2' ],
15 silly audit   'get-tsconfig': [ '4.8.1' ],
15 silly audit   glob: [ '7.1.7', '10.4.5' ],
15 silly audit   'glob-to-regexp': [ '0.4.1' ],
15 silly audit   globals: [ '13.24.0' ],
15 silly audit   globalthis: [ '1.0.4' ],
15 silly audit   globby: [ '11.1.0' ],
15 silly audit   gopd: [ '1.0.1' ],
15 silly audit   'graceful-fs': [ '4.2.11' ],
15 silly audit   graphemer: [ '1.4.0' ],
15 silly audit   'has-bigints': [ '1.0.2' ],
15 silly audit   'has-flag': [ '4.0.0' ],
15 silly audit   'has-property-descriptors': [ '1.0.2' ],
15 silly audit   'has-proto': [ '1.0.3' ],
15 silly audit   'has-symbols': [ '1.0.3' ],
15 silly audit   'has-tostringtag': [ '1.0.2' ],
15 silly audit   hasown: [ '2.0.2' ],
15 silly audit   ignore: [ '5.3.2' ],
15 silly audit   'import-fresh': [ '3.3.0' ],
15 silly audit   imurmurhash: [ '0.1.4' ],
15 silly audit   inflight: [ '1.0.6' ],
15 silly audit   inherits: [ '2.0.4' ],
15 silly audit   'input-otp': [ '1.2.4' ],
15 silly audit   'internal-slot': [ '1.0.7' ],
15 silly audit   internmap: [ '2.0.3' ],
15 silly audit   invariant: [ '2.2.4' ],
15 silly audit   'is-arguments': [ '1.1.1' ],
15 silly audit   'is-array-buffer': [ '3.0.4' ],
15 silly audit   'is-arrayish': [ '0.3.2' ],
15 silly audit   'is-async-function': [ '2.0.0' ],
15 silly audit   'is-bigint': [ '1.0.4' ],
15 silly audit   'is-binary-path': [ '2.1.0' ],
15 silly audit   'is-boolean-object': [ '1.1.2' ],
15 silly audit   'is-bun-module': [ '1.2.1' ],
15 silly audit   'is-callable': [ '1.2.7' ],
15 silly audit   'is-core-module': [ '2.15.1' ],
15 silly audit   'is-data-view': [ '1.0.1' ],
15 silly audit   'is-date-object': [ '1.0.5' ],
15 silly audit   'is-extglob': [ '2.1.1' ],
15 silly audit   'is-finalizationregistry': [ '1.0.2' ],
15 silly audit   'is-fullwidth-code-point': [ '3.0.0' ],
15 silly audit   'is-generator-function': [ '1.0.10' ],
15 silly audit   'is-glob': [ '4.0.3' ],
15 silly audit   'is-map': [ '2.0.3' ],
15 silly audit   'is-negative-zero': [ '2.0.3' ],
15 silly audit   'is-number': [ '7.0.0' ],
15 silly audit   'is-number-object': [ '1.0.7' ],
15 silly audit   'is-path-inside': [ '3.0.3' ],
15 silly audit   'is-regex': [ '1.1.4' ],
15 silly audit   'is-set': [ '2.0.3' ],
15 silly audit   'is-shared-array-buffer': [ '1.0.3' ],
15 silly audit   'is-string': [ '1.0.7' ],
15 silly audit   'is-symbol': [ '1.0.4' ],
15 silly audit   'is-typed-array': [ '1.1.13' ],
15 silly audit   'is-weakmap': [ '2.0.2' ],
15 silly audit   'is-weakref': [ '1.0.2' ],
15 silly audit   'is-weakset': [ '2.0.3' ],
15 silly audit   isarray: [ '2.0.5' ],
15 silly audit   isexe: [ '2.0.0' ],
15 silly audit   'iterator.prototype': [ '1.1.3' ],
15 silly audit   jackspeak: [ '3.4.3' ],
15 silly audit   jiti: [ '1.21.6' ],
15 silly audit   'js-tokens': [ '4.0.0' ],
15 silly audit   'js-yaml': [ '4.1.0' ],
15 silly audit   'json-buffer': [ '3.0.1' ],
15 silly audit   'json-schema-traverse': [ '0.4.1' ],
15 silly audit   'json-stable-stringify-without-jsonify': [ '1.0.1' ],
15 silly audit   json5: [ '1.0.2' ],
15 silly audit   'jsx-ast-utils': [ '3.3.5' ],
15 silly audit   keyv: [ '4.5.4' ],
15 silly audit   'language-subtag-registry': [ '0.3.23' ],
15 silly audit   'language-tags': [ '1.0.9' ],
15 silly audit   levn: [ '0.4.1' ],
15 silly audit   lilconfig: [ '2.1.0', '3.1.2' ],
15 silly audit   'lines-and-columns': [ '1.2.4' ],
15 silly audit   'locate-path': [ '6.0.0' ],
15 silly audit   lodash: [ '4.17.21' ],
15 silly audit   'lodash.merge': [ '4.6.2' ],
15 silly audit   'loose-envify': [ '1.4.0' ],
15 silly audit   'lru-cache': [ '10.4.3' ],
15 silly audit   'lucide-react': [ '0.446.0' ],
15 silly audit   merge2: [ '1.4.1' ],
15 silly audit   micromatch: [ '4.0.8' ],
15 silly audit   minimist: [ '1.2.8' ],
15 silly audit   minipass: [ '7.1.2' ],
15 silly audit   ms: [ '2.1.3' ],
15 silly audit   mz: [ '2.7.0' ],
15 silly audit   nanoid: [ '3.3.7' ],
15 silly audit   'natural-compare': [ '1.4.0' ],
15 silly audit   next: [ '13.5.1' ],
15 silly audit   'next-themes': [ '0.3.0' ],
15 silly audit   postcss: [ '8.4.14', '8.4.30' ],
15 silly audit   zod: [ '3.21.4', '3.23.8' ],
15 silly audit   'node-releases': [ '2.0.18' ],
15 silly audit   'normalize-path': [ '3.0.0' ],
15 silly audit   'normalize-range': [ '0.1.2' ],
15 silly audit   'object-assign': [ '4.1.1' ],
15 silly audit   'object-hash': [ '3.0.0' ],
15 silly audit   'object-inspect': [ '1.13.2' ],
15 silly audit   'object-is': [ '1.1.6' ],
15 silly audit   'object-keys': [ '1.1.1' ],
15 silly audit   'object.assign': [ '4.1.5' ],
15 silly audit   'object.entries': [ '1.1.8' ],
15 silly audit   'object.fromentries': [ '2.0.8' ],
15 silly audit   'object.groupby': [ '1.0.3' ],
15 silly audit   'object.values': [ '1.2.0' ],
15 silly audit   once: [ '1.4.0' ],
15 silly audit   optionator: [ '0.9.4' ],
15 silly audit   'p-limit': [ '3.1.0' ],
15 silly audit   'p-locate': [ '5.0.0' ],
15 silly audit   'package-json-from-dist': [ '1.0.1' ],
15 silly audit   'parent-module': [ '1.0.1' ],
15 silly audit   'path-exists': [ '4.0.0' ],
15 silly audit   'path-is-absolute': [ '1.0.1' ],
15 silly audit   'path-key': [ '3.1.1' ],
15 silly audit   'path-parse': [ '1.0.7' ],
15 silly audit   'path-scurry': [ '1.11.1' ],
15 silly audit   'path-type': [ '4.0.0' ],
15 silly audit   picocolors: [ '1.1.0' ],
15 silly audit   picomatch: [ '2.3.1' ],
15 silly audit   pify: [ '2.3.0' ],
15 silly audit   pirates: [ '4.0.6' ],
15 silly audit   'possible-typed-array-names': [ '1.0.0' ],
15 silly audit   'postcss-import': [ '15.1.0' ],
15 silly audit   'postcss-js': [ '4.0.1' ],
15 silly audit   'postcss-load-config': [ '4.0.2' ],
15 silly audit   'postcss-nested': [ '6.2.0' ],
15 silly audit   'postcss-selector-parser': [ '6.1.2' ],
15 silly audit   'postcss-value-parser': [ '4.2.0' ],
15 silly audit   'prelude-ls': [ '1.2.1' ],
15 silly audit   'prop-types': [ '15.8.1' ],
15 silly audit   punycode: [ '2.3.1' ],
15 silly audit   'queue-microtask': [ '1.2.3' ],
15 silly audit   react: [ '18.2.0' ],
15 silly audit   'react-day-picker': [ '8.10.1' ],
15 silly audit   'react-dom': [ '18.2.0' ],
15 silly audit   'react-hook-form': [ '7.53.0' ],
15 silly audit   'react-is': [ '16.13.1' ],
15 silly audit   'react-remove-scroll-bar': [ '2.3.6' ],
15 silly audit   'react-resizable-panels': [ '2.1.4' ],
15 silly audit   'react-smooth': [ '4.0.1' ],
15 silly audit   'react-style-singleton': [ '2.2.1' ],
15 silly audit   'react-transition-group': [ '4.4.5' ],
15 silly audit   'read-cache': [ '1.0.0' ],
15 silly audit   readdirp: [ '3.6.0' ],
15 silly audit   recharts: [ '2.12.7' ],
15 silly audit   'recharts-scale': [ '0.4.5' ],
15 silly audit   'reflect.getprototypeof': [ '1.0.6' ],
15 silly audit   'regenerator-runtime': [ '0.14.1' ],
15 silly audit   'regexp.prototype.flags': [ '1.5.3' ],
15 silly audit   'resolve-from': [ '4.0.0' ],
15 silly audit   'resolve-pkg-maps': [ '1.0.0' ],
15 silly audit   reusify: [ '1.0.4' ],
15 silly audit   rimraf: [ '3.0.2' ],
15 silly audit   'run-parallel': [ '1.2.0' ],
15 silly audit   'safe-array-concat': [ '1.1.2' ],
15 silly audit   'safe-regex-test': [ '1.0.3' ],
15 silly audit   scheduler: [ '0.23.2' ],
15 silly audit   'set-function-length': [ '1.2.2' ],
15 silly audit   'set-function-name': [ '2.0.2' ],
15 silly audit   sharp: [ '0.33.5' ],
15 silly audit   'shebang-command': [ '2.0.0' ],
15 silly audit   'shebang-regex': [ '3.0.0' ],
15 silly audit   'side-channel': [ '1.0.6' ],
15 silly audit   'signal-exit': [ '4.1.0' ],
15 silly audit   'simple-swizzle': [ '0.2.2' ],
15 silly audit   slash: [ '3.0.0' ],
15 silly audit   sonner: [ '1.5.0' ],
15 silly audit   'source-map-js': [ '1.2.1' ],
15 silly audit   'stop-iteration-iterator': [ '1.0.0' ],
15 silly audit   streamsearch: [ '1.1.0' ],
15 silly audit   'string-width': [ '5.1.2', '4.2.3' ],
15 silly audit   'string.prototype.includes': [ '2.0.0' ],
15 silly audit   'string.prototype.matchall': [ '4.0.11' ],
15 silly audit   'string.prototype.repeat': [ '1.0.0' ],
15 silly audit   'string.prototype.trim': [ '1.2.9' ],
15 silly audit   'string.prototype.trimend': [ '1.0.8' ],
15 silly audit   'string.prototype.trimstart': [ '1.0.8' ],
15 silly audit   'strip-bom': [ '3.0.0' ],
15 silly audit   'strip-json-comments': [ '3.1.1' ],
15 silly audit   'styled-jsx': [ '5.1.1' ],
15 silly audit   sucrase: [ '3.35.0' ],
15 silly audit   'supports-color': [ '7.2.0' ],
15 silly audit   'supports-preserve-symlinks-flag': [ '1.0.0' ],
15 silly audit   'tailwind-merge': [ '2.5.3' ],
15 silly audit   tailwindcss: [ '3.3.3' ],
15 silly audit   'tailwindcss-animate': [ '1.0.7' ],
15 silly audit   tapable: [ '2.2.1' ],
15 silly audit   'text-table': [ '0.2.0' ],
15 silly audit   thenify: [ '3.3.1' ],
15 silly audit   'thenify-all': [ '1.6.0' ],
15 silly audit   'tiny-invariant': [ '1.3.3' ],
15 silly audit   'to-regex-range': [ '5.0.1' ],
15 silly audit   'ts-api-utils': [ '1.3.0' ],
15 silly audit   'ts-interface-checker': [ '0.1.13' ],
15 silly audit   'tsconfig-paths': [ '3.15.0' ],
15 silly audit   tslib: [ '2.7.0' ],
15 silly audit   'type-check': [ '0.4.0' ],
15 silly audit   'type-fest': [ '0.20.2' ],
15 silly audit   'typed-array-buffer': [ '1.0.2' ],
15 silly audit   'typed-array-byte-length': [ '1.0.1' ],
15 silly audit   'typed-array-byte-offset': [ '1.0.2' ],
15 silly audit   'typed-array-length': [ '1.0.6' ],
15 silly audit   typescript: [ '5.2.2' ],
15 silly audit   'unbox-primitive': [ '1.0.2' ],
15 silly audit   'update-browserslist-db': [ '1.1.1' ],
15 silly audit   'uri-js': [ '4.4.1' ],
15 silly audit   'use-callback-ref': [ '1.3.2' ],
15 silly audit   'use-sidecar': [ '1.1.2' ],
15 silly audit   'use-sync-external-store': [ '1.4.0' ],
15 silly audit   'util-deprecate': [ '1.0.2' ],
15 silly audit   vaul: [ '0.9.9' ],
15 silly audit   'victory-vendor': [ '36.9.2' ],
15 silly audit   watchpack: [ '2.4.0' ],
15 silly audit   which: [ '2.0.2' ],
15 silly audit   'which-boxed-primitive': [ '1.0.2' ],
15 silly audit   'which-builtin-type': [ '1.1.4' ],
15 silly audit   'which-collection': [ '1.0.2' ],
15 silly audit   'which-typed-array': [ '1.1.15' ],
15 silly audit   'word-wrap': [ '1.2.5' ],
15 silly audit   'wrap-ansi': [ '8.1.0', '7.0.0' ],
15 silly audit   wrappy: [ '1.0.2' ],
15 silly audit   yaml: [ '2.5.1' ],
15 silly audit   'yocto-queue': [ '0.1.0' ],
15 silly audit   zustand: [ '4.5.6' ]
15 silly audit }
16 verbose reify failed optional dependency /Users/italofelipe/Downloads/portfolio-2.0-main/node_modules/@next/swc-win32-x64-msvc
17 silly reify mark deleted [
17 silly reify   '/Users/italofelipe/Downloads/portfolio-2.0-main/node_modules/@next/swc-win32-x64-msvc'
17 silly reify ]
18 verbose reify failed optional dependency /Users/italofelipe/Downloads/portfolio-2.0-main/node_modules/@next/swc-win32-ia32-msvc
19 silly reify mark deleted [
19 silly reify   '/Users/italofelipe/Downloads/portfolio-2.0-main/node_modules/@next/swc-win32-ia32-msvc'
19 silly reify ]
20 verbose reify failed optional dependency /Users/italofelipe/Downloads/portfolio-2.0-main/node_modules/@next/swc-win32-arm64-msvc
21 silly reify mark deleted [
21 silly reify   '/Users/italofelipe/Downloads/portfolio-2.0-main/node_modules/@next/swc-win32-arm64-msvc'
21 silly reify ]
22 verbose reify failed optional dependency /Users/italofelipe/Downloads/portfolio-2.0-main/node_modules/@next/swc-linux-x64-musl
23 silly reify mark deleted [
23 silly reify   '/Users/italofelipe/Downloads/portfolio-2.0-main/node_modules/@next/swc-linux-x64-musl'
23 silly reify ]
24 verbose reify failed optional dependency /Users/italofelipe/Downloads/portfolio-2.0-main/node_modules/@next/swc-linux-x64-gnu
25 silly reify mark deleted [
25 silly reify   '/Users/italofelipe/Downloads/portfolio-2.0-main/node_modules/@next/swc-linux-x64-gnu'
25 silly reify ]
26 verbose reify failed optional dependency /Users/italofelipe/Downloads/portfolio-2.0-main/node_modules/@next/swc-linux-arm64-musl
27 silly reify mark deleted [
27 silly reify   '/Users/italofelipe/Downloads/portfolio-2.0-main/node_modules/@next/swc-linux-arm64-musl'
27 silly reify ]
28 verbose reify failed optional dependency /Users/italofelipe/Downloads/portfolio-2.0-main/node_modules/@next/swc-linux-arm64-gnu
29 silly reify mark deleted [
29 silly reify   '/Users/italofelipe/Downloads/portfolio-2.0-main/node_modules/@next/swc-linux-arm64-gnu'
29 silly reify ]
30 verbose reify failed optional dependency /Users/italofelipe/Downloads/portfolio-2.0-main/node_modules/@next/swc-darwin-arm64
31 silly reify mark deleted [
31 silly reify   '/Users/italofelipe/Downloads/portfolio-2.0-main/node_modules/@next/swc-darwin-arm64'
31 silly reify ]
32 verbose reify failed optional dependency /Users/italofelipe/Downloads/portfolio-2.0-main/node_modules/@img/sharp-win32-x64
33 silly reify mark deleted [
33 silly reify   '/Users/italofelipe/Downloads/portfolio-2.0-main/node_modules/@img/sharp-win32-x64'
33 silly reify ]
34 verbose reify failed optional dependency /Users/italofelipe/Downloads/portfolio-2.0-main/node_modules/@img/sharp-win32-ia32
35 silly reify mark deleted [
35 silly reify   '/Users/italofelipe/Downloads/portfolio-2.0-main/node_modules/@img/sharp-win32-ia32'
35 silly reify ]
36 verbose reify failed optional dependency /Users/italofelipe/Downloads/portfolio-2.0-main/node_modules/@img/sharp-wasm32
37 silly reify mark deleted [
37 silly reify   '/Users/italofelipe/Downloads/portfolio-2.0-main/node_modules/@img/sharp-wasm32'
37 silly reify ]
38 verbose reify failed optional dependency /Users/italofelipe/Downloads/portfolio-2.0-main/node_modules/@emnapi/runtime
39 silly reify mark deleted [
39 silly reify   '/Users/italofelipe/Downloads/portfolio-2.0-main/node_modules/@emnapi/runtime'
39 silly reify ]
40 verbose reify failed optional dependency /Users/italofelipe/Downloads/portfolio-2.0-main/node_modules/@img/sharp-linuxmusl-x64
41 silly reify mark deleted [
41 silly reify   '/Users/italofelipe/Downloads/portfolio-2.0-main/node_modules/@img/sharp-linuxmusl-x64'
41 silly reify ]
42 verbose reify failed optional dependency /Users/italofelipe/Downloads/portfolio-2.0-main/node_modules/@img/sharp-linuxmusl-arm64
43 silly reify mark deleted [
43 silly reify   '/Users/italofelipe/Downloads/portfolio-2.0-main/node_modules/@img/sharp-linuxmusl-arm64'
43 silly reify ]
44 verbose reify failed optional dependency /Users/italofelipe/Downloads/portfolio-2.0-main/node_modules/@img/sharp-linux-x64
45 silly reify mark deleted [
45 silly reify   '/Users/italofelipe/Downloads/portfolio-2.0-main/node_modules/@img/sharp-linux-x64'
45 silly reify ]
46 verbose reify failed optional dependency /Users/italofelipe/Downloads/portfolio-2.0-main/node_modules/@img/sharp-linux-s390x
47 silly reify mark deleted [
47 silly reify   '/Users/italofelipe/Downloads/portfolio-2.0-main/node_modules/@img/sharp-linux-s390x'
47 silly reify ]
48 verbose reify failed optional dependency /Users/italofelipe/Downloads/portfolio-2.0-main/node_modules/@img/sharp-linux-arm64
49 silly reify mark deleted [
49 silly reify   '/Users/italofelipe/Downloads/portfolio-2.0-main/node_modules/@img/sharp-linux-arm64'
49 silly reify ]
50 verbose reify failed optional dependency /Users/italofelipe/Downloads/portfolio-2.0-main/node_modules/@img/sharp-linux-arm
51 silly reify mark deleted [
51 silly reify   '/Users/italofelipe/Downloads/portfolio-2.0-main/node_modules/@img/sharp-linux-arm'
51 silly reify ]
52 verbose reify failed optional dependency /Users/italofelipe/Downloads/portfolio-2.0-main/node_modules/@img/sharp-libvips-linuxmusl-x64
53 silly reify mark deleted [
53 silly reify   '/Users/italofelipe/Downloads/portfolio-2.0-main/node_modules/@img/sharp-libvips-linuxmusl-x64'
53 silly reify ]
54 verbose reify failed optional dependency /Users/italofelipe/Downloads/portfolio-2.0-main/node_modules/@img/sharp-libvips-linuxmusl-arm64
55 silly reify mark deleted [
55 silly reify   '/Users/italofelipe/Downloads/portfolio-2.0-main/node_modules/@img/sharp-libvips-linuxmusl-arm64'
55 silly reify ]
56 verbose reify failed optional dependency /Users/italofelipe/Downloads/portfolio-2.0-main/node_modules/@img/sharp-libvips-linux-x64
57 silly reify mark deleted [
57 silly reify   '/Users/italofelipe/Downloads/portfolio-2.0-main/node_modules/@img/sharp-libvips-linux-x64'
57 silly reify ]
58 verbose reify failed optional dependency /Users/italofelipe/Downloads/portfolio-2.0-main/node_modules/@img/sharp-libvips-linux-s390x
59 silly reify mark deleted [
59 silly reify   '/Users/italofelipe/Downloads/portfolio-2.0-main/node_modules/@img/sharp-libvips-linux-s390x'
59 silly reify ]
60 verbose reify failed optional dependency /Users/italofelipe/Downloads/portfolio-2.0-main/node_modules/@img/sharp-libvips-linux-arm64
61 silly reify mark deleted [
61 silly reify   '/Users/italofelipe/Downloads/portfolio-2.0-main/node_modules/@img/sharp-libvips-linux-arm64'
61 silly reify ]
62 verbose reify failed optional dependency /Users/italofelipe/Downloads/portfolio-2.0-main/node_modules/@img/sharp-libvips-linux-arm
63 silly reify mark deleted [
63 silly reify   '/Users/italofelipe/Downloads/portfolio-2.0-main/node_modules/@img/sharp-libvips-linux-arm'
63 silly reify ]
64 verbose reify failed optional dependency /Users/italofelipe/Downloads/portfolio-2.0-main/node_modules/@img/sharp-libvips-darwin-arm64
65 silly reify mark deleted [
65 silly reify   '/Users/italofelipe/Downloads/portfolio-2.0-main/node_modules/@img/sharp-libvips-darwin-arm64'
65 silly reify ]
66 verbose reify failed optional dependency /Users/italofelipe/Downloads/portfolio-2.0-main/node_modules/@img/sharp-darwin-arm64
67 silly reify mark deleted [
67 silly reify   '/Users/italofelipe/Downloads/portfolio-2.0-main/node_modules/@img/sharp-darwin-arm64'
67 silly reify ]
68 http cache @emnapi/runtime@https://registry.npmjs.org/@emnapi/runtime/-/runtime-1.3.1.tgz 1ms (cache hit)
69 http fetch POST 200 https://registry.npmjs.org/-/npm/v1/security/advisories/bulk 402ms
70 silly audit report {
70 silly audit report   'cross-spawn': [
70 silly audit report     {
70 silly audit report       id: 1100563,
70 silly audit report       url: 'https://github.com/advisories/GHSA-3xgq-45jj-v275',
70 silly audit report       title: 'Regular Expression Denial of Service (ReDoS) in cross-spawn',
70 silly audit report       severity: 'high',
70 silly audit report       vulnerable_versions: '>=7.0.0 <7.0.5',
70 silly audit report       cwe: [Array],
70 silly audit report       cvss: [Object]
70 silly audit report     }
70 silly audit report   ],
70 silly audit report   nanoid: [
70 silly audit report     {
70 silly audit report       id: 1101163,
70 silly audit report       url: 'https://github.com/advisories/GHSA-mwcw-c2x4-8c55',
70 silly audit report       title: 'Predictable results in nanoid generation when given non-integer values',
70 silly audit report       severity: 'moderate',
70 silly audit report       vulnerable_versions: '<3.3.8',
70 silly audit report       cwe: [Array],
70 silly audit report       cvss: [Object]
70 silly audit report     }
70 silly audit report   ],
70 silly audit report   next: [
70 silly audit report     {
70 silly audit report       id: 1099639,
70 silly audit report       url: 'https://github.com/advisories/GHSA-gp8f-8m3g-qvj9',
70 silly audit report       title: 'Next.js Cache Poisoning',
70 silly audit report       severity: 'high',
70 silly audit report       vulnerable_versions: '>=13.5.1 <13.5.7',
70 silly audit report       cwe: [Array],
70 silly audit report       cvss: [Object]
70 silly audit report     },
70 silly audit report     {
70 silly audit report       id: 1100421,
70 silly audit report       url: 'https://github.com/advisories/GHSA-g77x-44xx-532m',
70 silly audit report       title: 'Denial of Service condition in Next.js image optimization',
70 silly audit report       severity: 'moderate',
70 silly audit report       vulnerable_versions: '>=10.0.0 <14.2.7',
70 silly audit report       cwe: [Array],
70 silly audit report       cvss: [Object]
70 silly audit report     },
70 silly audit report     {
70 silly audit report       id: 1101380,
70 silly audit report       url: 'https://github.com/advisories/GHSA-7gfc-8cq8-jh5f',
70 silly audit report       title: 'Next.js authorization bypass vulnerability',
70 silly audit report       severity: 'high',
70 silly audit report       vulnerable_versions: '>=9.5.5 <14.2.15',
70 silly audit report       cwe: [Array],
70 silly audit report       cvss: [Object]
70 silly audit report     },
70 silly audit report     {
70 silly audit report       id: 1101439,
70 silly audit report       url: 'https://github.com/advisories/GHSA-7m27-7ghc-44w9',
70 silly audit report       title: 'Next.js Allows a Denial of Service (DoS) with Server Actions',
70 silly audit report       severity: 'moderate',
70 silly audit report       vulnerable_versions: '>=13.0.0 <13.5.8',
70 silly audit report       cwe: [Array],
70 silly audit report       cvss: [Object]
70 silly audit report     },
70 silly audit report     {
70 silly audit report       id: 1097295,
70 silly audit report       url: 'https://github.com/advisories/GHSA-fr5h-rqp8-mj6g',
70 silly audit report       title: 'Next.js Server-Side Request Forgery in Server Actions',
70 silly audit report       severity: 'high',
70 silly audit report       vulnerable_versions: '>=13.4.0 <14.1.1',
70 silly audit report       cwe: [Array],
70 silly audit report       cvss: [Object]
70 silly audit report     }
70 silly audit report   ],
70 silly audit report   postcss: [
70 silly audit report     {
70 silly audit report       id: 1094544,
70 silly audit report       url: 'https://github.com/advisories/GHSA-7fh5-64p2-3v2j',
70 silly audit report       title: 'PostCSS line return parsing error',
70 silly audit report       severity: 'moderate',
70 silly audit report       vulnerable_versions: '<8.4.31',
70 silly audit report       cwe: [Array],
70 silly audit report       cvss: [Object]
70 silly audit report     }
70 silly audit report   ],
70 silly audit report   zod: [
70 silly audit report     {
70 silly audit report       id: 1099462,
70 silly audit report       url: 'https://github.com/advisories/GHSA-m95q-7qp3-xv42',
70 silly audit report       title: 'Zod denial of service vulnerability',
70 silly audit report       severity: 'moderate',
70 silly audit report       vulnerable_versions: '<=3.22.2',
70 silly audit report       cwe: [Array],
70 silly audit report       cvss: [Object]
70 silly audit report     }
70 silly audit report   ]
70 silly audit report }
71 silly packumentCache corgi:https://registry.npmjs.org/cross-spawn cache-miss
72 silly packumentCache corgi:https://registry.npmjs.org/nanoid cache-miss
73 silly packumentCache corgi:https://registry.npmjs.org/next cache-miss
74 silly packumentCache corgi:https://registry.npmjs.org/postcss cache-miss
75 silly packumentCache corgi:https://registry.npmjs.org/zod cache-miss
76 http fetch GET 200 https://registry.npmjs.org/nanoid 242ms (cache updated)
77 silly packumentCache corgi:https://registry.npmjs.org/nanoid set size:undefined disposed:false
78 http fetch GET 200 https://registry.npmjs.org/cross-spawn 296ms (cache updated)
79 silly packumentCache corgi:https://registry.npmjs.org/cross-spawn set size:undefined disposed:false
80 http fetch GET 200 https://registry.npmjs.org/postcss 312ms (cache updated)
81 silly packumentCache corgi:https://registry.npmjs.org/postcss set size:undefined disposed:false
82 http fetch GET 200 https://registry.npmjs.org/zod 327ms (cache updated)
83 silly packumentCache corgi:https://registry.npmjs.org/zod set size:undefined disposed:false
84 http fetch GET 200 https://registry.npmjs.org/next 528ms (cache updated)
85 silly packumentCache corgi:https://registry.npmjs.org/next set size:undefined disposed:false
86 silly packumentCache corgi:https://registry.npmjs.org/eslint cache-miss
87 silly packumentCache corgi:https://registry.npmjs.org/foreground-child cache-miss
88 http fetch GET 200 https://registry.npmjs.org/foreground-child 43ms (cache updated)
89 silly packumentCache corgi:https://registry.npmjs.org/foreground-child set size:undefined disposed:false
90 http fetch GET 200 https://registry.npmjs.org/eslint 58ms (cache updated)
91 silly packumentCache corgi:https://registry.npmjs.org/eslint set size:undefined disposed:false
92 silly packumentCache corgi:https://registry.npmjs.org/autoprefixer cache-miss
93 silly packumentCache corgi:https://registry.npmjs.org/postcss-import cache-miss
94 silly packumentCache corgi:https://registry.npmjs.org/postcss-js cache-miss
95 silly packumentCache corgi:https://registry.npmjs.org/postcss-load-config cache-miss
96 silly packumentCache corgi:https://registry.npmjs.org/postcss-nested cache-miss
97 silly packumentCache corgi:https://registry.npmjs.org/tailwindcss cache-miss
98 http fetch GET 200 https://registry.npmjs.org/postcss-nested 99ms (cache updated)
99 silly packumentCache corgi:https://registry.npmjs.org/postcss-nested set size:undefined disposed:false
100 http fetch GET 200 https://registry.npmjs.org/postcss-import 106ms (cache updated)
101 silly packumentCache corgi:https://registry.npmjs.org/postcss-import set size:undefined disposed:false
102 http fetch GET 200 https://registry.npmjs.org/postcss-js 109ms (cache updated)
103 silly packumentCache corgi:https://registry.npmjs.org/postcss-js set size:undefined disposed:false
104 http fetch GET 200 https://registry.npmjs.org/autoprefixer 112ms (cache updated)
105 silly packumentCache corgi:https://registry.npmjs.org/autoprefixer set size:undefined disposed:false
106 http fetch GET 200 https://registry.npmjs.org/postcss-load-config 123ms (cache updated)
107 silly packumentCache corgi:https://registry.npmjs.org/postcss-load-config set size:undefined disposed:false
108 http fetch GET 200 https://registry.npmjs.org/tailwindcss 163ms (cache updated)
109 silly packumentCache corgi:https://registry.npmjs.org/tailwindcss set size:undefined disposed:false
110 silly ADD
111 silly ADD
112 silly ADD
113 silly ADD
114 silly ADD
115 silly ADD
116 silly ADD
117 silly ADD
118 silly ADD
119 silly ADD
120 silly ADD
121 silly ADD
122 silly ADD
123 silly ADD
124 silly ADD
125 silly ADD
126 silly ADD
127 silly ADD
128 silly ADD
129 silly ADD
130 silly ADD
131 silly ADD
132 silly ADD
133 silly ADD
134 silly ADD
135 silly ADD
136 verbose cwd /Users/italofelipe/Downloads/portfolio-2.0-main
137 verbose os Darwin 24.1.0
138 verbose node v23.6.0
139 verbose npm  v11.0.0
140 verbose exit 0
141 info ok
