0 verbose cli /Users/italofelipe/.nvm/versions/node/v23.6.0/bin/node /Users/italofelipe/.nvm/versions/node/v23.6.0/bin/npm
1 info using npm@11.0.0
2 info using node@v23.6.0
3 silly config load:file:/Users/italofelipe/.nvm/versions/node/v23.6.0/lib/node_modules/npm/npmrc
4 silly config load:file:/Users/italofelipe/Downloads/portfolio-2.0-main/.npmrc
5 silly config load:file:/Users/italofelipe/.npmrc
6 silly config load:file:/Users/italofelipe/.nvm/versions/node/v23.6.0/etc/npmrc
7 verbose title npm list raw-loader
8 verbose argv "list" "raw-loader"
9 verbose logfile logs-max:10 dir:/Users/italofelipe/Downloads/portfolio-2.0-main/.npm-cache/_logs/2025-01-19T00_18_13_815Z-
10 verbose logfile /Users/italofelipe/Downloads/portfolio-2.0-main/.npm-cache/_logs/2025-01-19T00_18_13_815Z-debug-0.log
11 silly logfile start cleaning logs, removing 1 files
12 silly packumentCache heap:4345298944 maxSize:1086324736 maxEntrySize:543162368
13 silly logfile done cleaning log files
14 verbose cwd /Users/italofelipe/Downloads/portfolio-2.0-main
15 verbose os Darwin 24.1.0
16 verbose node v23.6.0
17 verbose npm  v11.0.0
18 verbose exit 1
19 verbose code 1
