0 verbose cli /Users/italofelipe/.nvm/versions/node/v23.6.0/bin/node /Users/italofelipe/.nvm/versions/node/v23.6.0/bin/npm
1 info using npm@11.0.0
2 info using node@v23.6.0
3 silly config load:file:/Users/italofelipe/.nvm/versions/node/v23.6.0/lib/node_modules/npm/npmrc
4 silly config load:file:/Users/italofelipe/Downloads/portfolio-2.0-main/.npmrc
5 silly config load:file:/Users/italofelipe/.npmrc
6 silly config load:file:/Users/italofelipe/.nvm/versions/node/v23.6.0/etc/npmrc
7 verbose title npm install framer-motion
8 verbose argv "install" "framer-motion"
9 verbose logfile logs-max:10 dir:/Users/italofelipe/Downloads/portfolio-2.0-main/.npm-cache/_logs/2025-01-19T00_57_32_951Z-
10 verbose logfile /Users/italofelipe/Downloads/portfolio-2.0-main/.npm-cache/_logs/2025-01-19T00_57_32_951Z-debug-0.log
11 silly logfile start cleaning logs, removing 1 files
12 silly packumentCache heap:4345298944 maxSize:1086324736 maxEntrySize:543162368
13 silly logfile done cleaning log files
14 silly idealTree buildDeps
15 silly fetch manifest framer-motion@*
16 silly packumentCache full:https://registry.npmjs.org/framer-motion cache-miss
17 http fetch GET 200 https://registry.npmjs.org/framer-motion 463ms (cache miss)
18 silly packumentCache full:https://registry.npmjs.org/framer-motion set size:undefined disposed:false
19 silly fetch manifest @emotion/is-prop-valid@*
20 silly packumentCache full:https://registry.npmjs.org/@emotion%2fis-prop-valid cache-miss
21 http fetch GET 200 https://registry.npmjs.org/@emotion%2fis-prop-valid 174ms (cache miss)
22 silly packumentCache full:https://registry.npmjs.org/@emotion%2fis-prop-valid set size:undefined disposed:false
23 silly fetch manifest react@18.2.0
24 silly packumentCache full:https://registry.npmjs.org/react cache-miss
25 http fetch GET 200 https://registry.npmjs.org/react 113ms (cache updated)
26 silly packumentCache full:https://registry.npmjs.org/react set size:undefined disposed:false
27 silly fetch manifest react-dom@18.2.0
28 silly packumentCache full:https://registry.npmjs.org/react-dom cache-miss
29 http fetch GET 200 https://registry.npmjs.org/react-dom 118ms (cache updated)
30 silly packumentCache full:https://registry.npmjs.org/react-dom set size:undefined disposed:false
31 silly placeDep ROOT framer-motion@11.18.1 OK for: nextjs@0.1.0 want: *
32 silly fetch manifest motion-dom@^11.18.1
33 silly packumentCache full:https://registry.npmjs.org/motion-dom cache-miss
34 silly fetch manifest motion-utils@^11.18.1
35 silly packumentCache full:https://registry.npmjs.org/motion-utils cache-miss
36 http fetch GET 200 https://registry.npmjs.org/motion-dom 56ms (cache miss)
37 silly packumentCache full:https://registry.npmjs.org/motion-dom set size:undefined disposed:false
38 http fetch GET 200 https://registry.npmjs.org/motion-utils 99ms (cache miss)
39 silly packumentCache full:https://registry.npmjs.org/motion-utils set size:undefined disposed:false
40 silly placeDep ROOT motion-dom@11.18.1 OK for: framer-motion@11.18.1 want: ^11.18.1
41 silly placeDep ROOT motion-utils@11.18.1 OK for: framer-motion@11.18.1 want: ^11.18.1
42 silly reify moves {}
43 silly audit bulk request {
43 silly audit   '@alloc/quick-lru': [ '5.2.0' ],
43 silly audit   '@babel/runtime': [ '7.25.7' ],
43 silly audit   '@emnapi/runtime': [ '1.3.1' ],
43 silly audit   '@eslint-community/eslint-utils': [ '4.4.0' ],
43 silly audit   '@eslint-community/regexpp': [ '4.11.1' ],
43 silly audit   '@eslint/eslintrc': [ '2.1.4' ],
43 silly audit   '@eslint/js': [ '8.49.0' ],
43 silly audit   '@floating-ui/core': [ '1.6.8' ],
43 silly audit   '@floating-ui/dom': [ '1.6.11' ],
43 silly audit   '@floating-ui/react-dom': [ '2.1.2' ],
43 silly audit   '@floating-ui/utils': [ '0.2.8' ],
43 silly audit   '@hookform/resolvers': [ '3.9.0' ],
43 silly audit   '@humanwhocodes/config-array': [ '0.11.14' ],
43 silly audit   '@humanwhocodes/module-importer': [ '1.0.1' ],
43 silly audit   '@humanwhocodes/object-schema': [ '2.0.3' ],
43 silly audit   '@img/sharp-darwin-arm64': [ '0.33.5' ],
43 silly audit   '@img/sharp-darwin-x64': [ '0.33.5' ],
43 silly audit   '@img/sharp-libvips-darwin-arm64': [ '1.0.4' ],
43 silly audit   '@img/sharp-libvips-darwin-x64': [ '1.0.4' ],
43 silly audit   '@img/sharp-libvips-linux-arm': [ '1.0.5' ],
43 silly audit   '@img/sharp-libvips-linux-arm64': [ '1.0.4' ],
43 silly audit   '@img/sharp-libvips-linux-s390x': [ '1.0.4' ],
43 silly audit   '@img/sharp-libvips-linux-x64': [ '1.0.4' ],
43 silly audit   '@img/sharp-libvips-linuxmusl-arm64': [ '1.0.4' ],
43 silly audit   '@img/sharp-libvips-linuxmusl-x64': [ '1.0.4' ],
43 silly audit   '@img/sharp-linux-arm': [ '0.33.5' ],
43 silly audit   '@img/sharp-linux-arm64': [ '0.33.5' ],
43 silly audit   '@img/sharp-linux-s390x': [ '0.33.5' ],
43 silly audit   '@img/sharp-linux-x64': [ '0.33.5' ],
43 silly audit   '@img/sharp-linuxmusl-arm64': [ '0.33.5' ],
43 silly audit   '@img/sharp-linuxmusl-x64': [ '0.33.5' ],
43 silly audit   '@img/sharp-wasm32': [ '0.33.5' ],
43 silly audit   '@img/sharp-win32-ia32': [ '0.33.5' ],
43 silly audit   '@img/sharp-win32-x64': [ '0.33.5' ],
43 silly audit   '@isaacs/cliui': [ '8.0.2' ],
43 silly audit   'ansi-regex': [ '6.1.0', '5.0.1' ],
43 silly audit   'strip-ansi': [ '7.1.0', '6.0.1' ],
43 silly audit   '@jridgewell/gen-mapping': [ '0.3.5' ],
43 silly audit   '@jridgewell/resolve-uri': [ '3.1.2' ],
43 silly audit   '@jridgewell/set-array': [ '1.2.1' ],
43 silly audit   '@jridgewell/source-map': [ '0.3.6' ],
43 silly audit   '@jridgewell/sourcemap-codec': [ '1.5.0' ],
43 silly audit   '@jridgewell/trace-mapping': [ '0.3.25' ],
43 silly audit   '@next/env': [ '13.5.1' ],
43 silly audit   '@next/eslint-plugin-next': [ '13.5.1' ],
43 silly audit   '@next/swc-darwin-arm64': [ '13.5.1' ],
43 silly audit   '@next/swc-darwin-x64': [ '13.5.1' ],
43 silly audit   '@next/swc-linux-arm64-gnu': [ '13.5.1' ],
43 silly audit   '@next/swc-linux-arm64-musl': [ '13.5.1' ],
43 silly audit   '@next/swc-linux-x64-gnu': [ '13.5.1' ],
43 silly audit   '@next/swc-linux-x64-musl': [ '13.5.1' ],
43 silly audit   '@next/swc-wasm-nodejs': [ '13.5.1' ],
43 silly audit   '@next/swc-win32-arm64-msvc': [ '13.5.1' ],
43 silly audit   '@next/swc-win32-ia32-msvc': [ '13.5.1' ],
43 silly audit   '@next/swc-win32-x64-msvc': [ '13.5.1' ],
43 silly audit   '@nodelib/fs.scandir': [ '2.1.5' ],
43 silly audit   '@nodelib/fs.stat': [ '2.0.5' ],
43 silly audit   '@nodelib/fs.walk': [ '1.2.8' ],
43 silly audit   '@nolyfill/is-core-module': [ '1.0.39' ],
43 silly audit   '@pkgjs/parseargs': [ '0.11.0' ],
43 silly audit   '@radix-ui/number': [ '1.1.0' ],
43 silly audit   '@radix-ui/primitive': [ '1.1.0', '1.0.1' ],
43 silly audit   '@radix-ui/react-accordion': [ '1.2.1' ],
43 silly audit   '@radix-ui/react-alert-dialog': [ '1.1.2' ],
43 silly audit   '@radix-ui/react-arrow': [ '1.1.0' ],
43 silly audit   '@radix-ui/react-aspect-ratio': [ '1.1.0' ],
43 silly audit   '@radix-ui/react-avatar': [ '1.1.1' ],
43 silly audit   '@radix-ui/react-checkbox': [ '1.1.2' ],
43 silly audit   '@radix-ui/react-collapsible': [ '1.1.1' ],
43 silly audit   '@radix-ui/react-collection': [ '1.1.0' ],
43 silly audit   '@radix-ui/react-context': [ '1.1.0', '1.1.1', '1.0.1' ],
43 silly audit   '@radix-ui/react-compose-refs': [ '1.1.0', '1.0.1' ],
43 silly audit   '@radix-ui/react-context-menu': [ '2.2.2' ],
43 silly audit   '@radix-ui/react-dialog': [ '1.1.2', '1.0.5' ],
43 silly audit   '@radix-ui/react-direction': [ '1.1.0' ],
43 silly audit   '@radix-ui/react-dismissable-layer': [ '1.1.1', '1.0.5' ],
43 silly audit   '@radix-ui/react-dropdown-menu': [ '2.1.2' ],
43 silly audit   '@radix-ui/react-focus-guards': [ '1.1.1', '1.0.1' ],
43 silly audit   '@radix-ui/react-focus-scope': [ '1.1.0', '1.0.4' ],
43 silly audit   '@radix-ui/react-hover-card': [ '1.1.2' ],
43 silly audit   '@radix-ui/react-id': [ '1.1.0', '1.0.1' ],
43 silly audit   '@radix-ui/react-label': [ '2.1.0' ],
43 silly audit   '@radix-ui/react-menu': [ '2.1.2' ],
43 silly audit   '@radix-ui/react-menubar': [ '1.1.2' ],
43 silly audit   '@radix-ui/react-navigation-menu': [ '1.2.1' ],
43 silly audit   '@radix-ui/react-popover': [ '1.1.2' ],
43 silly audit   '@radix-ui/react-popper': [ '1.2.0' ],
43 silly audit   '@radix-ui/react-portal': [ '1.1.2', '1.0.4' ],
43 silly audit   '@radix-ui/react-presence': [ '1.1.1', '1.0.1' ],
43 silly audit   '@radix-ui/react-primitive': [ '2.0.0', '1.0.3' ],
43 silly audit   '@radix-ui/react-progress': [ '1.1.0' ],
43 silly audit   '@radix-ui/react-radio-group': [ '1.2.1' ],
43 silly audit   '@radix-ui/react-roving-focus': [ '1.1.0' ],
43 silly audit   '@radix-ui/react-scroll-area': [ '1.2.0' ],
43 silly audit   '@radix-ui/react-select': [ '2.1.2' ],
43 silly audit   '@radix-ui/react-separator': [ '1.1.0' ],
43 silly audit   '@radix-ui/react-slider': [ '1.2.1' ],
43 silly audit   '@radix-ui/react-slot': [ '1.1.0', '1.0.2' ],
43 silly audit   '@radix-ui/react-switch': [ '1.1.1' ],
43 silly audit   '@radix-ui/react-tabs': [ '1.1.1' ],
43 silly audit   '@radix-ui/react-toast': [ '1.2.2' ],
43 silly audit   '@radix-ui/react-toggle': [ '1.1.0' ],
43 silly audit   '@radix-ui/react-toggle-group': [ '1.1.0' ],
43 silly audit   '@radix-ui/react-tooltip': [ '1.1.3' ],
43 silly audit   '@radix-ui/react-use-callback-ref': [ '1.1.0', '1.0.1' ],
43 silly audit   '@radix-ui/react-use-controllable-state': [ '1.1.0', '1.0.1' ],
43 silly audit   '@radix-ui/react-use-escape-keydown': [ '1.1.0', '1.0.3' ],
43 silly audit   '@radix-ui/react-use-layout-effect': [ '1.1.0', '1.0.1' ],
43 silly audit   '@radix-ui/react-use-previous': [ '1.1.0' ],
43 silly audit   '@radix-ui/react-use-rect': [ '1.1.0' ],
43 silly audit   '@radix-ui/react-use-size': [ '1.1.0' ],
43 silly audit   '@radix-ui/react-visually-hidden': [ '1.1.0' ],
43 silly audit   '@radix-ui/rect': [ '1.1.0' ],
43 silly audit   '@rtsao/scc': [ '1.1.0' ],
43 silly audit   '@rushstack/eslint-patch': [ '1.10.4' ],
43 silly audit   '@swc/helpers': [ '0.5.2' ],
43 silly audit   '@types/d3-array': [ '3.2.1' ],
43 silly audit   '@types/d3-color': [ '3.1.3' ],
43 silly audit   '@types/d3-ease': [ '3.0.2' ],
43 silly audit   '@types/d3-interpolate': [ '3.0.4' ],
43 silly audit   '@types/d3-path': [ '3.1.0' ],
43 silly audit   '@types/d3-scale': [ '4.0.8' ],
43 silly audit   '@types/d3-shape': [ '3.1.6' ],
43 silly audit   '@types/d3-time': [ '3.0.3' ],
43 silly audit   '@types/d3-timer': [ '3.0.2' ],
43 silly audit   '@types/eslint': [ '9.6.1' ],
43 silly audit   '@types/eslint-scope': [ '3.7.7' ],
43 silly audit   '@types/estree': [ '1.0.6' ],
43 silly audit   '@types/json-schema': [ '7.0.15' ],
43 silly audit   '@types/json5': [ '0.0.29' ],
43 silly audit   '@types/node': [ '20.6.2' ],
43 silly audit   '@types/prop-types': [ '15.7.13' ],
43 silly audit   '@types/react': [ '18.2.22' ],
43 silly audit   '@types/react-dom': [ '18.2.7' ],
43 silly audit   '@types/scheduler': [ '0.23.0' ],
43 silly audit   '@typescript-eslint/parser': [ '6.21.0' ],
43 silly audit   '@typescript-eslint/scope-manager': [ '6.21.0' ],
43 silly audit   '@typescript-eslint/types': [ '6.21.0' ],
43 silly audit   '@typescript-eslint/typescript-estree': [ '6.21.0' ],
43 silly audit   'brace-expansion': [ '2.0.1', '1.1.11' ],
43 silly audit   minimatch: [ '9.0.3', '3.1.2', '9.0.5' ],
43 silly audit   '@typescript-eslint/visitor-keys': [ '6.21.0' ],
43 silly audit   '@webassemblyjs/ast': [ '1.14.1' ],
43 silly audit   '@webassemblyjs/floating-point-hex-parser': [ '1.13.2' ],
43 silly audit   '@webassemblyjs/helper-api-error': [ '1.13.2' ],
43 silly audit   '@webassemblyjs/helper-buffer': [ '1.14.1' ],
43 silly audit   '@webassemblyjs/helper-numbers': [ '1.13.2' ],
43 silly audit   '@webassemblyjs/helper-wasm-bytecode': [ '1.13.2' ],
43 silly audit   '@webassemblyjs/helper-wasm-section': [ '1.14.1' ],
43 silly audit   '@webassemblyjs/ieee754': [ '1.13.2' ],
43 silly audit   '@webassemblyjs/leb128': [ '1.13.2' ],
43 silly audit   '@webassemblyjs/utf8': [ '1.13.2' ],
43 silly audit   '@webassemblyjs/wasm-edit': [ '1.14.1' ],
43 silly audit   '@webassemblyjs/wasm-gen': [ '1.14.1' ],
43 silly audit   '@webassemblyjs/wasm-opt': [ '1.14.1' ],
43 silly audit   '@webassemblyjs/wasm-parser': [ '1.14.1' ],
43 silly audit   '@webassemblyjs/wast-printer': [ '1.14.1' ],
43 silly audit   '@xtuc/ieee754': [ '1.2.0' ],
43 silly audit   '@xtuc/long': [ '4.2.2' ],
43 silly audit   acorn: [ '8.14.0' ],
43 silly audit   'acorn-jsx': [ '5.3.2' ],
43 silly audit   ajv: [ '6.12.6', '8.17.1' ],
43 silly audit   'ajv-formats': [ '2.1.1' ],
43 silly audit   'json-schema-traverse': [ '1.0.0', '0.4.1' ],
43 silly audit   'ajv-keywords': [ '3.5.2', '5.1.0' ],
43 silly audit   'ansi-styles': [ '4.3.0', '6.2.1' ],
43 silly audit   'any-promise': [ '1.3.0' ],
43 silly audit   anymatch: [ '3.1.3' ],
43 silly audit   arg: [ '5.0.2' ],
43 silly audit   argparse: [ '2.0.1' ],
43 silly audit   'aria-hidden': [ '1.2.4' ],
43 silly audit   'aria-query': [ '5.1.3' ],
43 silly audit   'array-buffer-byte-length': [ '1.0.1' ],
43 silly audit   'array-includes': [ '3.1.8' ],
43 silly audit   'array-union': [ '2.1.0' ],
43 silly audit   'array.prototype.findlast': [ '1.2.5' ],
43 silly audit   'array.prototype.findlastindex': [ '1.2.5' ],
43 silly audit   'array.prototype.flat': [ '1.3.2' ],
43 silly audit   'array.prototype.flatmap': [ '1.3.2' ],
43 silly audit   'array.prototype.tosorted': [ '1.1.4' ],
43 silly audit   'arraybuffer.prototype.slice': [ '1.0.3' ],
43 silly audit   'ast-types-flow': [ '0.0.8' ],
43 silly audit   autoprefixer: [ '10.4.15' ],
43 silly audit   'available-typed-arrays': [ '1.0.7' ],
43 silly audit   'axe-core': [ '4.10.0' ],
43 silly audit   'axobject-query': [ '4.1.0' ],
43 silly audit   'balanced-match': [ '1.0.2' ],
43 silly audit   'big.js': [ '5.2.2' ],
43 silly audit   'binary-extensions': [ '2.3.0' ],
43 silly audit   braces: [ '3.0.3' ],
43 silly audit   browserslist: [ '4.24.0' ],
43 silly audit   'buffer-from': [ '1.1.2' ],
43 silly audit   busboy: [ '1.6.0' ],
43 silly audit   'call-bind': [ '1.0.7' ],
43 silly audit   callsites: [ '3.1.0' ],
43 silly audit   'camelcase-css': [ '2.0.1' ],
43 silly audit   'caniuse-lite': [ '1.0.30001667' ],
43 silly audit   chalk: [ '4.1.2' ],
43 silly audit   chokidar: [ '3.6.0' ],
43 silly audit   'glob-parent': [ '5.1.2', '6.0.2' ],
43 silly audit   'chrome-trace-event': [ '1.0.4' ],
43 silly audit   'class-variance-authority': [ '0.7.0' ],
43 silly audit   clsx: [ '2.0.0', '2.1.1' ],
43 silly audit   'client-only': [ '0.0.1' ],
43 silly audit   cmdk: [ '1.0.0' ],
43 silly audit   'react-remove-scroll': [ '2.5.5', '2.6.0' ],
43 silly audit   color: [ '4.2.3' ],
43 silly audit   'color-convert': [ '2.0.1' ],
43 silly audit   'color-name': [ '1.1.4' ],
43 silly audit   'color-string': [ '1.9.1' ],
43 silly audit   commander: [ '4.1.1', '2.20.3' ],
43 silly audit   'concat-map': [ '0.0.1' ],
43 silly audit   'cross-spawn': [ '7.0.3' ],
43 silly audit   cssesc: [ '3.0.0' ],
43 silly audit   csstype: [ '3.1.3' ],
43 silly audit   'd3-array': [ '3.2.4' ],
43 silly audit   'd3-color': [ '3.1.0' ],
43 silly audit   'd3-ease': [ '3.0.1' ],
43 silly audit   'd3-format': [ '3.1.0' ],
43 silly audit   'd3-interpolate': [ '3.0.1' ],
43 silly audit   'd3-path': [ '3.1.0' ],
43 silly audit   'd3-scale': [ '4.0.2' ],
43 silly audit   'd3-shape': [ '3.2.0' ],
43 silly audit   'd3-time': [ '3.1.0' ],
43 silly audit   'd3-time-format': [ '4.1.0' ],
43 silly audit   'd3-timer': [ '3.0.1' ],
43 silly audit   'damerau-levenshtein': [ '1.0.8' ],
43 silly audit   'data-view-buffer': [ '1.0.1' ],
43 silly audit   'data-view-byte-length': [ '1.0.1' ],
43 silly audit   'data-view-byte-offset': [ '1.0.0' ],
43 silly audit   'date-fns': [ '3.6.0' ],
43 silly audit   debug: [ '4.3.7', '3.2.7' ],
43 silly audit   'decimal.js-light': [ '2.5.1' ],
43 silly audit   'deep-equal': [ '2.2.3' ],
43 silly audit   'deep-is': [ '0.1.4' ],
43 silly audit   'define-data-property': [ '1.1.4' ],
43 silly audit   'define-properties': [ '1.2.1' ],
43 silly audit   'detect-libc': [ '2.0.3' ],
43 silly audit   'detect-node-es': [ '1.1.0' ],
43 silly audit   didyoumean: [ '1.2.2' ],
43 silly audit   'dir-glob': [ '3.0.1' ],
43 silly audit   dlv: [ '1.1.3' ],
43 silly audit   doctrine: [ '3.0.0', '2.1.0' ],
43 silly audit   'dom-helpers': [ '5.2.1' ],
43 silly audit   eastasianwidth: [ '0.2.0' ],
43 silly audit   'electron-to-chromium': [ '1.5.34' ],
43 silly audit   'embla-carousel': [ '8.3.0' ],
43 silly audit   'embla-carousel-react': [ '8.3.0' ],
43 silly audit   'embla-carousel-reactive-utils': [ '8.3.0' ],
43 silly audit   'emoji-regex': [ '9.2.2', '8.0.0' ],
43 silly audit   'emojis-list': [ '3.0.0' ],
43 silly audit   'enhanced-resolve': [ '5.17.1' ],
43 silly audit   'es-abstract': [ '1.23.3' ],
43 silly audit   'es-define-property': [ '1.0.0' ],
43 silly audit   'es-errors': [ '1.3.0' ],
43 silly audit   'es-get-iterator': [ '1.1.3' ],
43 silly audit   'es-iterator-helpers': [ '1.1.0' ],
43 silly audit   'es-module-lexer': [ '1.6.0' ],
43 silly audit   'es-object-atoms': [ '1.0.0' ],
43 silly audit   'es-set-tostringtag': [ '2.0.3' ],
43 silly audit   'es-shim-unscopables': [ '1.0.2' ],
43 silly audit   'es-to-primitive': [ '1.2.1' ],
43 silly audit   escalade: [ '3.2.0' ],
43 silly audit   'escape-string-regexp': [ '4.0.0' ],
43 silly audit   eslint: [ '8.49.0' ],
43 silly audit   'eslint-config-next': [ '13.5.1' ],
43 silly audit   'eslint-import-resolver-typescript': [ '3.6.3' ],
43 silly audit   'eslint-import-resolver-node': [ '0.3.9' ],
43 silly audit   'eslint-module-utils': [ '2.12.0' ],
43 silly audit   'eslint-plugin-import': [ '2.31.0' ],
43 silly audit   semver: [ '6.3.1', '7.6.3' ],
43 silly audit   'eslint-plugin-jsx-a11y': [ '6.10.0' ],
43 silly audit   'eslint-plugin-react': [ '7.37.1' ],
43 silly audit   'eslint-plugin-react-hooks': [ '4.6.2' ],
43 silly audit   resolve: [ '2.0.0-next.5', '1.22.8' ],
43 silly audit   'eslint-scope': [ '7.2.2', '5.1.1' ],
43 silly audit   'eslint-visitor-keys': [ '3.4.3' ],
43 silly audit   espree: [ '9.6.1' ],
43 silly audit   esquery: [ '1.6.0' ],
43 silly audit   esrecurse: [ '4.3.0' ],
43 silly audit   estraverse: [ '5.3.0', '4.3.0' ],
43 silly audit   esutils: [ '2.0.3' ],
43 silly audit   eventemitter3: [ '4.0.7' ],
43 silly audit   events: [ '3.3.0' ],
43 silly audit   'fast-deep-equal': [ '3.1.3' ],
43 silly audit   'fast-equals': [ '5.0.1' ],
43 silly audit   'fast-glob': [ '3.3.2' ],
43 silly audit   'fast-json-stable-stringify': [ '2.1.0' ],
43 silly audit   'fast-levenshtein': [ '2.0.6' ],
43 silly audit   'fast-uri': [ '3.0.5' ],
43 silly audit   fastq: [ '1.17.1' ],
43 silly audit   'file-entry-cache': [ '6.0.1' ],
43 silly audit   'fill-range': [ '7.1.1' ],
43 silly audit   'find-up': [ '5.0.0' ],
43 silly audit   'flat-cache': [ '3.2.0' ],
43 silly audit   flatted: [ '3.3.1' ],
43 silly audit   'for-each': [ '0.3.3' ],
43 silly audit   'foreground-child': [ '3.3.0' ],
43 silly audit   'fraction.js': [ '4.3.7' ],
43 silly audit   'fs.realpath': [ '1.0.0' ],
43 silly audit   fsevents: [ '2.3.3' ],
43 silly audit   'function-bind': [ '1.1.2' ],
43 silly audit   'function.prototype.name': [ '1.1.6' ],
43 silly audit   'functions-have-names': [ '1.2.3' ],
43 silly audit   'get-intrinsic': [ '1.2.4' ],
43 silly audit   'get-nonce': [ '1.0.1' ],
43 silly audit   'get-symbol-description': [ '1.0.2' ],
43 silly audit   'get-tsconfig': [ '4.8.1' ],
43 silly audit   glob: [ '7.1.7', '10.4.5' ],
43 silly audit   'glob-to-regexp': [ '0.4.1' ],
43 silly audit   globals: [ '13.24.0' ],
43 silly audit   globalthis: [ '1.0.4' ],
43 silly audit   globby: [ '11.1.0' ],
43 silly audit   gopd: [ '1.0.1' ],
43 silly audit   'graceful-fs': [ '4.2.11' ],
43 silly audit   graphemer: [ '1.4.0' ],
43 silly audit   'has-bigints': [ '1.0.2' ],
43 silly audit   'has-flag': [ '4.0.0' ],
43 silly audit   'has-property-descriptors': [ '1.0.2' ],
43 silly audit   'has-proto': [ '1.0.3' ],
43 silly audit   'has-symbols': [ '1.0.3' ],
43 silly audit   'has-tostringtag': [ '1.0.2' ],
43 silly audit   hasown: [ '2.0.2' ],
43 silly audit   ignore: [ '5.3.2' ],
43 silly audit   'import-fresh': [ '3.3.0' ],
43 silly audit   imurmurhash: [ '0.1.4' ],
43 silly audit   inflight: [ '1.0.6' ],
43 silly audit   inherits: [ '2.0.4' ],
43 silly audit   'input-otp': [ '1.2.4' ],
43 silly audit   'internal-slot': [ '1.0.7' ],
43 silly audit   internmap: [ '2.0.3' ],
43 silly audit   invariant: [ '2.2.4' ],
43 silly audit   'is-arguments': [ '1.1.1' ],
43 silly audit   'is-array-buffer': [ '3.0.4' ],
43 silly audit   'is-arrayish': [ '0.3.2' ],
43 silly audit   'is-async-function': [ '2.0.0' ],
43 silly audit   'is-bigint': [ '1.0.4' ],
43 silly audit   'is-binary-path': [ '2.1.0' ],
43 silly audit   'is-boolean-object': [ '1.1.2' ],
43 silly audit   'is-bun-module': [ '1.2.1' ],
43 silly audit   'is-callable': [ '1.2.7' ],
43 silly audit   'is-core-module': [ '2.15.1' ],
43 silly audit   'is-data-view': [ '1.0.1' ],
43 silly audit   'is-date-object': [ '1.0.5' ],
43 silly audit   'is-extglob': [ '2.1.1' ],
43 silly audit   'is-finalizationregistry': [ '1.0.2' ],
43 silly audit   'is-fullwidth-code-point': [ '3.0.0' ],
43 silly audit   'is-generator-function': [ '1.0.10' ],
43 silly audit   'is-glob': [ '4.0.3' ],
43 silly audit   'is-map': [ '2.0.3' ],
43 silly audit   'is-negative-zero': [ '2.0.3' ],
43 silly audit   'is-number': [ '7.0.0' ],
43 silly audit   'is-number-object': [ '1.0.7' ],
43 silly audit   'is-path-inside': [ '3.0.3' ],
43 silly audit   'is-regex': [ '1.1.4' ],
43 silly audit   'is-set': [ '2.0.3' ],
43 silly audit   'is-shared-array-buffer': [ '1.0.3' ],
43 silly audit   'is-string': [ '1.0.7' ],
43 silly audit   'is-symbol': [ '1.0.4' ],
43 silly audit   'is-typed-array': [ '1.1.13' ],
43 silly audit   'is-weakmap': [ '2.0.2' ],
43 silly audit   'is-weakref': [ '1.0.2' ],
43 silly audit   'is-weakset': [ '2.0.3' ],
43 silly audit   isarray: [ '2.0.5' ],
43 silly audit   isexe: [ '2.0.0' ],
43 silly audit   'iterator.prototype': [ '1.1.3' ],
43 silly audit   jackspeak: [ '3.4.3' ],
43 silly audit   'jest-worker': [ '27.5.1' ],
43 silly audit   'supports-color': [ '8.1.1', '7.2.0' ],
43 silly audit   jiti: [ '1.21.6' ],
43 silly audit   'js-tokens': [ '4.0.0' ],
43 silly audit   'js-yaml': [ '4.1.0' ],
43 silly audit   'json-buffer': [ '3.0.1' ],
43 silly audit   'json-loader': [ '0.5.7' ],
43 silly audit   'json-parse-even-better-errors': [ '2.3.1' ],
43 silly audit   'json-stable-stringify-without-jsonify': [ '1.0.1' ],
43 silly audit   json5: [ '1.0.2', '2.2.3' ],
43 silly audit   'jsx-ast-utils': [ '3.3.5' ],
43 silly audit   keyv: [ '4.5.4' ],
43 silly audit   'language-subtag-registry': [ '0.3.23' ],
43 silly audit   'language-tags': [ '1.0.9' ],
43 silly audit   levn: [ '0.4.1' ],
43 silly audit   lilconfig: [ '2.1.0', '3.1.2' ],
43 silly audit   'lines-and-columns': [ '1.2.4' ],
43 silly audit   'loader-runner': [ '4.3.0' ],
43 silly audit   'loader-utils': [ '2.0.4' ],
43 silly audit   'locate-path': [ '6.0.0' ],
43 silly audit   lodash: [ '4.17.21' ],
43 silly audit   'lodash.merge': [ '4.6.2' ],
43 silly audit   'loose-envify': [ '1.4.0' ],
43 silly audit   'lottie-react': [ '2.4.0' ],
43 silly audit   'lottie-web': [ '5.12.2' ],
43 silly audit   'lru-cache': [ '10.4.3' ],
43 silly audit   'lucide-react': [ '0.446.0' ],
43 silly audit   'merge-stream': [ '2.0.0' ],
43 silly audit   merge2: [ '1.4.1' ],
43 silly audit   micromatch: [ '4.0.8' ],
43 silly audit   'mime-db': [ '1.52.0' ],
43 silly audit   'mime-types': [ '2.1.35' ],
43 silly audit   minimist: [ '1.2.8' ],
43 silly audit   minipass: [ '7.1.2' ],
43 silly audit   ms: [ '2.1.3' ],
43 silly audit   mz: [ '2.7.0' ],
43 silly audit   nanoid: [ '3.3.7' ],
43 silly audit   'natural-compare': [ '1.4.0' ],
43 silly audit   'neo-async': [ '2.6.2' ],
43 silly audit   next: [ '13.5.1' ],
43 silly audit   'next-themes': [ '0.3.0' ],
43 silly audit   postcss: [ '8.4.14', '8.4.30' ],
43 silly audit   zod: [ '3.21.4', '3.23.8' ],
43 silly audit   'node-releases': [ '2.0.18' ],
43 silly audit   'normalize-path': [ '3.0.0' ],
43 silly audit   'normalize-range': [ '0.1.2' ],
43 silly audit   'object-assign': [ '4.1.1' ],
43 silly audit   'object-hash': [ '3.0.0' ],
43 silly audit   'object-inspect': [ '1.13.2' ],
43 silly audit   'object-is': [ '1.1.6' ],
43 silly audit   'object-keys': [ '1.1.1' ],
43 silly audit   'object.assign': [ '4.1.5' ],
43 silly audit   'object.entries': [ '1.1.8' ],
43 silly audit   'object.fromentries': [ '2.0.8' ],
43 silly audit   'object.groupby': [ '1.0.3' ],
43 silly audit   'object.values': [ '1.2.0' ],
43 silly audit   once: [ '1.4.0' ],
43 silly audit   optionator: [ '0.9.4' ],
43 silly audit   'p-limit': [ '3.1.0' ],
43 silly audit   'p-locate': [ '5.0.0' ],
43 silly audit   'package-json-from-dist': [ '1.0.1' ],
43 silly audit   'parent-module': [ '1.0.1' ],
43 silly audit   'path-exists': [ '4.0.0' ],
43 silly audit   'path-is-absolute': [ '1.0.1' ],
43 silly audit   'path-key': [ '3.1.1' ],
43 silly audit   'path-parse': [ '1.0.7' ],
43 silly audit   'path-scurry': [ '1.11.1' ],
43 silly audit   'path-type': [ '4.0.0' ],
43 silly audit   picocolors: [ '1.1.0' ],
43 silly audit   picomatch: [ '2.3.1' ],
43 silly audit   pify: [ '2.3.0' ],
43 silly audit   pirates: [ '4.0.6' ],
43 silly audit   'possible-typed-array-names': [ '1.0.0' ],
43 silly audit   'postcss-import': [ '15.1.0' ],
43 silly audit   'postcss-js': [ '4.0.1' ],
43 silly audit   'postcss-load-config': [ '4.0.2' ],
43 silly audit   'postcss-nested': [ '6.2.0' ],
43 silly audit   'postcss-selector-parser': [ '6.1.2' ],
43 silly audit   'postcss-value-parser': [ '4.2.0' ],
43 silly audit   'prelude-ls': [ '1.2.1' ],
43 silly audit   'prop-types': [ '15.8.1' ],
43 silly audit   punycode: [ '2.3.1' ],
43 silly audit   'queue-microtask': [ '1.2.3' ],
43 silly audit   randombytes: [ '2.1.0' ],
43 silly audit   'raw-loader': [ '4.0.2' ],
43 silly audit   react: [ '18.2.0' ],
43 silly audit   'react-day-picker': [ '8.10.1' ],
43 silly audit   'react-dom': [ '18.2.0' ],
43 silly audit   'react-hook-form': [ '7.53.0' ],
43 silly audit   'react-is': [ '16.13.1' ],
43 silly audit   'react-remove-scroll-bar': [ '2.3.6' ],
43 silly audit   'react-resizable-panels': [ '2.1.4' ],
43 silly audit   'react-smooth': [ '4.0.1' ],
43 silly audit   'react-style-singleton': [ '2.2.1' ],
43 silly audit   'react-transition-group': [ '4.4.5' ],
43 silly audit   'read-cache': [ '1.0.0' ],
43 silly audit   readdirp: [ '3.6.0' ],
43 silly audit   recharts: [ '2.12.7' ],
43 silly audit   'recharts-scale': [ '0.4.5' ],
43 silly audit   'reflect.getprototypeof': [ '1.0.6' ],
43 silly audit   'regenerator-runtime': [ '0.14.1' ],
43 silly audit   'regexp.prototype.flags': [ '1.5.3' ],
43 silly audit   'require-from-string': [ '2.0.2' ],
43 silly audit   'resolve-from': [ '4.0.0' ],
43 silly audit   'resolve-pkg-maps': [ '1.0.0' ],
43 silly audit   reusify: [ '1.0.4' ],
43 silly audit   rimraf: [ '3.0.2' ],
43 silly audit   'run-parallel': [ '1.2.0' ],
43 silly audit   'safe-array-concat': [ '1.1.2' ],
43 silly audit   'safe-buffer': [ '5.2.1' ],
43 silly audit   'safe-regex-test': [ '1.0.3' ],
43 silly audit   scheduler: [ '0.23.2' ],
43 silly audit   'schema-utils': [ '3.3.0', '4.3.0' ],
43 silly audit   'serialize-javascript': [ '6.0.2' ],
43 silly audit   'set-function-length': [ '1.2.2' ],
43 silly audit   'set-function-name': [ '2.0.2' ],
43 silly audit   sharp: [ '0.33.5' ],
43 silly audit   'shebang-command': [ '2.0.0' ],
43 silly audit   'shebang-regex': [ '3.0.0' ],
43 silly audit   'side-channel': [ '1.0.6' ],
43 silly audit   'signal-exit': [ '4.1.0' ],
43 silly audit   'simple-swizzle': [ '0.2.2' ],
43 silly audit   slash: [ '3.0.0' ],
43 silly audit   sonner: [ '1.5.0' ],
43 silly audit   'source-map': [ '0.6.1' ],
43 silly audit   'source-map-js': [ '1.2.1' ],
43 silly audit   'source-map-support': [ '0.5.21' ],
43 silly audit   'stop-iteration-iterator': [ '1.0.0' ],
43 silly audit   streamsearch: [ '1.1.0' ],
43 silly audit   'string-width': [ '5.1.2', '4.2.3' ],
43 silly audit   'string.prototype.includes': [ '2.0.0' ],
43 silly audit   'string.prototype.matchall': [ '4.0.11' ],
43 silly audit   'string.prototype.repeat': [ '1.0.0' ],
43 silly audit   'string.prototype.trim': [ '1.2.9' ],
43 silly audit   'string.prototype.trimend': [ '1.0.8' ],
43 silly audit   'string.prototype.trimstart': [ '1.0.8' ],
43 silly audit   'strip-bom': [ '3.0.0' ],
43 silly audit   'strip-json-comments': [ '3.1.1' ],
43 silly audit   'styled-jsx': [ '5.1.1' ],
43 silly audit   sucrase: [ '3.35.0' ],
43 silly audit   'supports-preserve-symlinks-flag': [ '1.0.0' ],
43 silly audit   'tailwind-merge': [ '2.5.3' ],
43 silly audit   tailwindcss: [ '3.3.3' ],
43 silly audit   'tailwindcss-animate': [ '1.0.7' ],
43 silly audit   tapable: [ '2.2.1' ],
43 silly audit   terser: [ '5.37.0' ],
43 silly audit   'terser-webpack-plugin': [ '5.3.11' ],
43 silly audit   'text-table': [ '0.2.0' ],
43 silly audit   thenify: [ '3.3.1' ],
43 silly audit   'thenify-all': [ '1.6.0' ],
43 silly audit   'tiny-invariant': [ '1.3.3' ],
43 silly audit   'to-regex-range': [ '5.0.1' ],
43 silly audit   'ts-api-utils': [ '1.3.0' ],
43 silly audit   'ts-interface-checker': [ '0.1.13' ],
43 silly audit   'tsconfig-paths': [ '3.15.0' ],
43 silly audit   tslib: [ '2.7.0' ],
43 silly audit   'type-check': [ '0.4.0' ],
43 silly audit   'type-fest': [ '0.20.2' ],
43 silly audit   'typed-array-buffer': [ '1.0.2' ],
43 silly audit   'typed-array-byte-length': [ '1.0.1' ],
43 silly audit   'typed-array-byte-offset': [ '1.0.2' ],
43 silly audit   'typed-array-length': [ '1.0.6' ],
43 silly audit   typescript: [ '5.2.2' ],
43 silly audit   'unbox-primitive': [ '1.0.2' ],
43 silly audit   'update-browserslist-db': [ '1.1.1' ],
43 silly audit   'uri-js': [ '4.4.1' ],
43 silly audit   'use-callback-ref': [ '1.3.2' ],
43 silly audit   'use-sidecar': [ '1.1.2' ],
43 silly audit   'use-sync-external-store': [ '1.4.0' ],
43 silly audit   'util-deprecate': [ '1.0.2' ],
43 silly audit   vaul: [ '0.9.9' ],
43 silly audit   'victory-vendor': [ '36.9.2' ],
43 silly audit   watchpack: [ '2.4.0', '2.4.2' ],
43 silly audit   webpack: [ '5.97.1' ],
43 silly audit   'webpack-sources': [ '3.2.3' ],
43 silly audit   which: [ '2.0.2' ],
43 silly audit   'which-boxed-primitive': [ '1.0.2' ],
43 silly audit   'which-builtin-type': [ '1.1.4' ],
43 silly audit   'which-collection': [ '1.0.2' ],
43 silly audit   'which-typed-array': [ '1.1.15' ],
43 silly audit   'word-wrap': [ '1.2.5' ],
43 silly audit   'wrap-ansi': [ '8.1.0', '7.0.0' ],
43 silly audit   wrappy: [ '1.0.2' ],
43 silly audit   yaml: [ '2.5.1' ],
43 silly audit   'yocto-queue': [ '0.1.0' ],
43 silly audit   zustand: [ '4.5.6' ],
43 silly audit   'framer-motion': [ '11.18.1' ],
43 silly audit   'motion-dom': [ '11.18.1' ],
43 silly audit   'motion-utils': [ '11.18.1' ]
43 silly audit }
44 verbose reify failed optional dependency /Users/italofelipe/Downloads/portfolio-2.0-main/node_modules/@next/swc-win32-x64-msvc
45 silly reify mark deleted [
45 silly reify   '/Users/italofelipe/Downloads/portfolio-2.0-main/node_modules/@next/swc-win32-x64-msvc'
45 silly reify ]
46 verbose reify failed optional dependency /Users/italofelipe/Downloads/portfolio-2.0-main/node_modules/@next/swc-win32-ia32-msvc
47 silly reify mark deleted [
47 silly reify   '/Users/italofelipe/Downloads/portfolio-2.0-main/node_modules/@next/swc-win32-ia32-msvc'
47 silly reify ]
48 verbose reify failed optional dependency /Users/italofelipe/Downloads/portfolio-2.0-main/node_modules/@next/swc-win32-arm64-msvc
49 silly reify mark deleted [
49 silly reify   '/Users/italofelipe/Downloads/portfolio-2.0-main/node_modules/@next/swc-win32-arm64-msvc'
49 silly reify ]
50 verbose reify failed optional dependency /Users/italofelipe/Downloads/portfolio-2.0-main/node_modules/@next/swc-linux-x64-musl
51 silly reify mark deleted [
51 silly reify   '/Users/italofelipe/Downloads/portfolio-2.0-main/node_modules/@next/swc-linux-x64-musl'
51 silly reify ]
52 verbose reify failed optional dependency /Users/italofelipe/Downloads/portfolio-2.0-main/node_modules/@next/swc-linux-x64-gnu
53 silly reify mark deleted [
53 silly reify   '/Users/italofelipe/Downloads/portfolio-2.0-main/node_modules/@next/swc-linux-x64-gnu'
53 silly reify ]
54 verbose reify failed optional dependency /Users/italofelipe/Downloads/portfolio-2.0-main/node_modules/@next/swc-linux-arm64-musl
55 silly reify mark deleted [
55 silly reify   '/Users/italofelipe/Downloads/portfolio-2.0-main/node_modules/@next/swc-linux-arm64-musl'
55 silly reify ]
56 verbose reify failed optional dependency /Users/italofelipe/Downloads/portfolio-2.0-main/node_modules/@next/swc-linux-arm64-gnu
57 silly reify mark deleted [
57 silly reify   '/Users/italofelipe/Downloads/portfolio-2.0-main/node_modules/@next/swc-linux-arm64-gnu'
57 silly reify ]
58 verbose reify failed optional dependency /Users/italofelipe/Downloads/portfolio-2.0-main/node_modules/@next/swc-darwin-arm64
59 silly reify mark deleted [
59 silly reify   '/Users/italofelipe/Downloads/portfolio-2.0-main/node_modules/@next/swc-darwin-arm64'
59 silly reify ]
60 verbose reify failed optional dependency /Users/italofelipe/Downloads/portfolio-2.0-main/node_modules/@img/sharp-win32-x64
61 silly reify mark deleted [
61 silly reify   '/Users/italofelipe/Downloads/portfolio-2.0-main/node_modules/@img/sharp-win32-x64'
61 silly reify ]
62 verbose reify failed optional dependency /Users/italofelipe/Downloads/portfolio-2.0-main/node_modules/@img/sharp-win32-ia32
63 silly reify mark deleted [
63 silly reify   '/Users/italofelipe/Downloads/portfolio-2.0-main/node_modules/@img/sharp-win32-ia32'
63 silly reify ]
64 verbose reify failed optional dependency /Users/italofelipe/Downloads/portfolio-2.0-main/node_modules/@img/sharp-wasm32
65 silly reify mark deleted [
65 silly reify   '/Users/italofelipe/Downloads/portfolio-2.0-main/node_modules/@img/sharp-wasm32'
65 silly reify ]
66 verbose reify failed optional dependency /Users/italofelipe/Downloads/portfolio-2.0-main/node_modules/@emnapi/runtime
67 silly reify mark deleted [
67 silly reify   '/Users/italofelipe/Downloads/portfolio-2.0-main/node_modules/@emnapi/runtime'
67 silly reify ]
68 verbose reify failed optional dependency /Users/italofelipe/Downloads/portfolio-2.0-main/node_modules/@img/sharp-linuxmusl-x64
69 silly reify mark deleted [
69 silly reify   '/Users/italofelipe/Downloads/portfolio-2.0-main/node_modules/@img/sharp-linuxmusl-x64'
69 silly reify ]
70 verbose reify failed optional dependency /Users/italofelipe/Downloads/portfolio-2.0-main/node_modules/@img/sharp-linuxmusl-arm64
71 silly reify mark deleted [
71 silly reify   '/Users/italofelipe/Downloads/portfolio-2.0-main/node_modules/@img/sharp-linuxmusl-arm64'
71 silly reify ]
72 verbose reify failed optional dependency /Users/italofelipe/Downloads/portfolio-2.0-main/node_modules/@img/sharp-linux-x64
73 silly reify mark deleted [
73 silly reify   '/Users/italofelipe/Downloads/portfolio-2.0-main/node_modules/@img/sharp-linux-x64'
73 silly reify ]
74 verbose reify failed optional dependency /Users/italofelipe/Downloads/portfolio-2.0-main/node_modules/@img/sharp-linux-s390x
75 silly reify mark deleted [
75 silly reify   '/Users/italofelipe/Downloads/portfolio-2.0-main/node_modules/@img/sharp-linux-s390x'
75 silly reify ]
76 verbose reify failed optional dependency /Users/italofelipe/Downloads/portfolio-2.0-main/node_modules/@img/sharp-linux-arm64
77 silly reify mark deleted [
77 silly reify   '/Users/italofelipe/Downloads/portfolio-2.0-main/node_modules/@img/sharp-linux-arm64'
77 silly reify ]
78 verbose reify failed optional dependency /Users/italofelipe/Downloads/portfolio-2.0-main/node_modules/@img/sharp-linux-arm
79 silly reify mark deleted [
79 silly reify   '/Users/italofelipe/Downloads/portfolio-2.0-main/node_modules/@img/sharp-linux-arm'
79 silly reify ]
80 verbose reify failed optional dependency /Users/italofelipe/Downloads/portfolio-2.0-main/node_modules/@img/sharp-libvips-linuxmusl-x64
81 silly reify mark deleted [
81 silly reify   '/Users/italofelipe/Downloads/portfolio-2.0-main/node_modules/@img/sharp-libvips-linuxmusl-x64'
81 silly reify ]
82 verbose reify failed optional dependency /Users/italofelipe/Downloads/portfolio-2.0-main/node_modules/@img/sharp-libvips-linuxmusl-arm64
83 silly reify mark deleted [
83 silly reify   '/Users/italofelipe/Downloads/portfolio-2.0-main/node_modules/@img/sharp-libvips-linuxmusl-arm64'
83 silly reify ]
84 verbose reify failed optional dependency /Users/italofelipe/Downloads/portfolio-2.0-main/node_modules/@img/sharp-libvips-linux-x64
85 silly reify mark deleted [
85 silly reify   '/Users/italofelipe/Downloads/portfolio-2.0-main/node_modules/@img/sharp-libvips-linux-x64'
85 silly reify ]
86 verbose reify failed optional dependency /Users/italofelipe/Downloads/portfolio-2.0-main/node_modules/@img/sharp-libvips-linux-s390x
87 silly reify mark deleted [
87 silly reify   '/Users/italofelipe/Downloads/portfolio-2.0-main/node_modules/@img/sharp-libvips-linux-s390x'
87 silly reify ]
88 verbose reify failed optional dependency /Users/italofelipe/Downloads/portfolio-2.0-main/node_modules/@img/sharp-libvips-linux-arm64
89 silly reify mark deleted [
89 silly reify   '/Users/italofelipe/Downloads/portfolio-2.0-main/node_modules/@img/sharp-libvips-linux-arm64'
89 silly reify ]
90 verbose reify failed optional dependency /Users/italofelipe/Downloads/portfolio-2.0-main/node_modules/@img/sharp-libvips-linux-arm
91 silly reify mark deleted [
91 silly reify   '/Users/italofelipe/Downloads/portfolio-2.0-main/node_modules/@img/sharp-libvips-linux-arm'
91 silly reify ]
92 verbose reify failed optional dependency /Users/italofelipe/Downloads/portfolio-2.0-main/node_modules/@img/sharp-libvips-darwin-arm64
93 silly reify mark deleted [
93 silly reify   '/Users/italofelipe/Downloads/portfolio-2.0-main/node_modules/@img/sharp-libvips-darwin-arm64'
93 silly reify ]
94 verbose reify failed optional dependency /Users/italofelipe/Downloads/portfolio-2.0-main/node_modules/@img/sharp-darwin-arm64
95 silly reify mark deleted [
95 silly reify   '/Users/italofelipe/Downloads/portfolio-2.0-main/node_modules/@img/sharp-darwin-arm64'
95 silly reify ]
96 http cache motion-utils@https://registry.npmjs.org/motion-utils/-/motion-utils-11.18.1.tgz 0ms (cache hit)
97 http cache motion-dom@https://registry.npmjs.org/motion-dom/-/motion-dom-11.18.1.tgz 0ms (cache hit)
98 http cache framer-motion@https://registry.npmjs.org/framer-motion/-/framer-motion-11.18.1.tgz 0ms (cache hit)
99 http cache @emnapi/runtime@https://registry.npmjs.org/@emnapi/runtime/-/runtime-1.3.1.tgz 0ms (cache hit)
100 silly tarball no local data for motion-utils@https://registry.npmjs.org/motion-utils/-/motion-utils-11.18.1.tgz. Extracting by manifest.
101 silly tarball no local data for motion-dom@https://registry.npmjs.org/motion-dom/-/motion-dom-11.18.1.tgz. Extracting by manifest.
102 silly tarball no local data for framer-motion@https://registry.npmjs.org/framer-motion/-/framer-motion-11.18.1.tgz. Extracting by manifest.
103 http fetch GET 200 https://registry.npmjs.org/motion-utils/-/motion-utils-11.18.1.tgz 52ms (cache miss)
104 http fetch GET 200 https://registry.npmjs.org/motion-dom/-/motion-dom-11.18.1.tgz 182ms (cache miss)
105 http fetch POST 200 https://registry.npmjs.org/-/npm/v1/security/advisories/bulk 201ms
106 silly audit report {
106 silly audit report   'cross-spawn': [
106 silly audit report     {
106 silly audit report       id: 1100563,
106 silly audit report       url: 'https://github.com/advisories/GHSA-3xgq-45jj-v275',
106 silly audit report       title: 'Regular Expression Denial of Service (ReDoS) in cross-spawn',
106 silly audit report       severity: 'high',
106 silly audit report       vulnerable_versions: '>=7.0.0 <7.0.5',
106 silly audit report       cwe: [Array],
106 silly audit report       cvss: [Object]
106 silly audit report     }
106 silly audit report   ],
106 silly audit report   nanoid: [
106 silly audit report     {
106 silly audit report       id: 1101163,
106 silly audit report       url: 'https://github.com/advisories/GHSA-mwcw-c2x4-8c55',
106 silly audit report       title: 'Predictable results in nanoid generation when given non-integer values',
106 silly audit report       severity: 'moderate',
106 silly audit report       vulnerable_versions: '<3.3.8',
106 silly audit report       cwe: [Array],
106 silly audit report       cvss: [Object]
106 silly audit report     }
106 silly audit report   ],
106 silly audit report   next: [
106 silly audit report     {
106 silly audit report       id: 1099639,
106 silly audit report       url: 'https://github.com/advisories/GHSA-gp8f-8m3g-qvj9',
106 silly audit report       title: 'Next.js Cache Poisoning',
106 silly audit report       severity: 'high',
106 silly audit report       vulnerable_versions: '>=13.5.1 <13.5.7',
106 silly audit report       cwe: [Array],
106 silly audit report       cvss: [Object]
106 silly audit report     },
106 silly audit report     {
106 silly audit report       id: 1100421,
106 silly audit report       url: 'https://github.com/advisories/GHSA-g77x-44xx-532m',
106 silly audit report       title: 'Denial of Service condition in Next.js image optimization',
106 silly audit report       severity: 'moderate',
106 silly audit report       vulnerable_versions: '>=10.0.0 <14.2.7',
106 silly audit report       cwe: [Array],
106 silly audit report       cvss: [Object]
106 silly audit report     },
106 silly audit report     {
106 silly audit report       id: 1101380,
106 silly audit report       url: 'https://github.com/advisories/GHSA-7gfc-8cq8-jh5f',
106 silly audit report       title: 'Next.js authorization bypass vulnerability',
106 silly audit report       severity: 'high',
106 silly audit report       vulnerable_versions: '>=9.5.5 <14.2.15',
106 silly audit report       cwe: [Array],
106 silly audit report       cvss: [Object]
106 silly audit report     },
106 silly audit report     {
106 silly audit report       id: 1101439,
106 silly audit report       url: 'https://github.com/advisories/GHSA-7m27-7ghc-44w9',
106 silly audit report       title: 'Next.js Allows a Denial of Service (DoS) with Server Actions',
106 silly audit report       severity: 'moderate',
106 silly audit report       vulnerable_versions: '>=13.0.0 <13.5.8',
106 silly audit report       cwe: [Array],
106 silly audit report       cvss: [Object]
106 silly audit report     },
106 silly audit report     {
106 silly audit report       id: 1097295,
106 silly audit report       url: 'https://github.com/advisories/GHSA-fr5h-rqp8-mj6g',
106 silly audit report       title: 'Next.js Server-Side Request Forgery in Server Actions',
106 silly audit report       severity: 'high',
106 silly audit report       vulnerable_versions: '>=13.4.0 <14.1.1',
106 silly audit report       cwe: [Array],
106 silly audit report       cvss: [Object]
106 silly audit report     }
106 silly audit report   ],
106 silly audit report   postcss: [
106 silly audit report     {
106 silly audit report       id: 1094544,
106 silly audit report       url: 'https://github.com/advisories/GHSA-7fh5-64p2-3v2j',
106 silly audit report       title: 'PostCSS line return parsing error',
106 silly audit report       severity: 'moderate',
106 silly audit report       vulnerable_versions: '<8.4.31',
106 silly audit report       cwe: [Array],
106 silly audit report       cvss: [Object]
106 silly audit report     }
106 silly audit report   ],
106 silly audit report   zod: [
106 silly audit report     {
106 silly audit report       id: 1099462,
106 silly audit report       url: 'https://github.com/advisories/GHSA-m95q-7qp3-xv42',
106 silly audit report       title: 'Zod denial of service vulnerability',
106 silly audit report       severity: 'moderate',
106 silly audit report       vulnerable_versions: '<=3.22.2',
106 silly audit report       cwe: [Array],
106 silly audit report       cvss: [Object]
106 silly audit report     }
106 silly audit report   ]
106 silly audit report }
107 silly packumentCache corgi:https://registry.npmjs.org/cross-spawn cache-miss
108 silly packumentCache corgi:https://registry.npmjs.org/nanoid cache-miss
109 silly packumentCache corgi:https://registry.npmjs.org/next cache-miss
110 silly packumentCache corgi:https://registry.npmjs.org/postcss cache-miss
111 silly packumentCache corgi:https://registry.npmjs.org/zod cache-miss
112 http fetch GET 200 https://registry.npmjs.org/cross-spawn 81ms (cache updated)
113 silly packumentCache corgi:https://registry.npmjs.org/cross-spawn set size:undefined disposed:false
114 http fetch GET 200 https://registry.npmjs.org/zod 191ms (cache updated)
115 silly packumentCache corgi:https://registry.npmjs.org/zod set size:undefined disposed:false
116 http fetch GET 200 https://registry.npmjs.org/postcss 220ms (cache updated)
117 silly packumentCache corgi:https://registry.npmjs.org/postcss set size:undefined disposed:false
118 http fetch GET 200 https://registry.npmjs.org/nanoid 243ms (cache updated)
119 silly packumentCache corgi:https://registry.npmjs.org/nanoid set size:undefined disposed:false
120 http fetch GET 200 https://registry.npmjs.org/framer-motion/-/framer-motion-11.18.1.tgz 752ms (cache miss)
121 http fetch GET 200 https://registry.npmjs.org/next 1457ms (cache updated)
122 silly packumentCache corgi:https://registry.npmjs.org/next set size:undefined disposed:false
123 silly packumentCache corgi:https://registry.npmjs.org/eslint cache-miss
124 silly packumentCache corgi:https://registry.npmjs.org/foreground-child cache-miss
125 http fetch GET 200 https://registry.npmjs.org/foreground-child 37ms (cache updated)
126 silly packumentCache corgi:https://registry.npmjs.org/foreground-child set size:undefined disposed:false
127 http fetch GET 200 https://registry.npmjs.org/eslint 120ms (cache updated)
128 silly packumentCache corgi:https://registry.npmjs.org/eslint set size:undefined disposed:false
129 silly packumentCache corgi:https://registry.npmjs.org/autoprefixer cache-miss
130 silly packumentCache corgi:https://registry.npmjs.org/postcss-import cache-miss
131 silly packumentCache corgi:https://registry.npmjs.org/postcss-js cache-miss
132 silly packumentCache corgi:https://registry.npmjs.org/postcss-load-config cache-miss
133 silly packumentCache corgi:https://registry.npmjs.org/postcss-nested cache-miss
134 silly packumentCache corgi:https://registry.npmjs.org/tailwindcss cache-miss
135 http fetch GET 200 https://registry.npmjs.org/postcss-import 81ms (cache updated)
136 silly packumentCache corgi:https://registry.npmjs.org/postcss-import set size:undefined disposed:false
137 http fetch GET 200 https://registry.npmjs.org/postcss-js 83ms (cache updated)
138 silly packumentCache corgi:https://registry.npmjs.org/postcss-js set size:undefined disposed:false
139 http fetch GET 200 https://registry.npmjs.org/postcss-load-config 91ms (cache updated)
140 silly packumentCache corgi:https://registry.npmjs.org/postcss-load-config set size:undefined disposed:false
141 http fetch GET 200 https://registry.npmjs.org/autoprefixer 122ms (cache updated)
142 silly packumentCache corgi:https://registry.npmjs.org/autoprefixer set size:undefined disposed:false
143 http fetch GET 200 https://registry.npmjs.org/postcss-nested 132ms (cache updated)
144 silly packumentCache corgi:https://registry.npmjs.org/postcss-nested set size:undefined disposed:false
145 http fetch GET 200 https://registry.npmjs.org/tailwindcss 148ms (cache updated)
146 silly packumentCache corgi:https://registry.npmjs.org/tailwindcss set size:undefined disposed:false
147 silly ADD node_modules/motion-utils
148 silly ADD node_modules/motion-dom
149 silly ADD node_modules/framer-motion
150 silly ADD
151 silly ADD
152 silly ADD
153 silly ADD
154 silly ADD
155 silly ADD
156 silly ADD
157 silly ADD
158 silly ADD
159 silly ADD
160 silly ADD
161 silly ADD
162 silly ADD
163 silly ADD
164 silly ADD
165 silly ADD
166 silly ADD
167 silly ADD
168 silly ADD
169 silly ADD
170 silly ADD
171 silly ADD
172 silly ADD
173 silly ADD
174 silly ADD
175 silly ADD
176 verbose cwd /Users/italofelipe/Downloads/portfolio-2.0-main
177 verbose os Darwin 24.1.0
178 verbose node v23.6.0
179 verbose npm  v11.0.0
180 verbose exit 0
181 info ok
