0 verbose cli /Users/italofelipe/.nvm/versions/node/v23.6.0/bin/node /Users/italofelipe/.nvm/versions/node/v23.6.0/bin/npm
1 info using npm@11.0.0
2 info using node@v23.6.0
3 silly config load:file:/Users/italofelipe/.nvm/versions/node/v23.6.0/lib/node_modules/npm/npmrc
4 silly config load:file:/Users/italofelipe/Downloads/portfolio-2.0-main/.npmrc
5 silly config load:file:/Users/italofelipe/.npmrc
6 silly config load:file:/Users/italofelipe/.nvm/versions/node/v23.6.0/etc/npmrc
7 verbose title npm install lottie-react
8 verbose argv "install" "lottie-react" "--save"
9 verbose logfile logs-max:10 dir:/Users/italofelipe/Downloads/portfolio-2.0-main/.npm-cache/_logs/2025-01-18T18_11_07_429Z-
10 verbose logfile /Users/italofelipe/Downloads/portfolio-2.0-main/.npm-cache/_logs/2025-01-18T18_11_07_429Z-debug-0.log
11 silly logfile start cleaning logs, removing 2 files
12 silly packumentCache heap:4345298944 maxSize:1086324736 maxEntrySize:543162368
13 silly logfile done cleaning log files
14 silly idealTree buildDeps
15 silly fetch manifest lottie-react@^2.4.0
16 silly packumentCache full:https://registry.npmjs.org/lottie-react cache-miss
17 http fetch GET 200 https://registry.npmjs.org/lottie-react 936ms (cache updated)
18 silly packumentCache full:https://registry.npmjs.org/lottie-react set size:undefined disposed:false
19 silly fetch manifest react@18.2.0
20 silly packumentCache full:https://registry.npmjs.org/react cache-miss
21 http fetch GET 200 https://registry.npmjs.org/react 123ms (cache updated)
22 silly packumentCache full:https://registry.npmjs.org/react set size:undefined disposed:false
23 silly fetch manifest react-dom@18.2.0
24 silly packumentCache full:https://registry.npmjs.org/react-dom cache-miss
25 http fetch GET 200 https://registry.npmjs.org/react-dom 138ms (cache updated)
26 silly packumentCache full:https://registry.npmjs.org/react-dom set size:undefined disposed:false
27 silly placeDep ROOT lottie-react@2.4.0 REPLACE for: nextjs@0.1.0 want: ^2.4.0
28 silly reify moves {}
29 silly audit bulk request {
29 silly audit   '@alloc/quick-lru': [ '5.2.0' ],
29 silly audit   '@babel/runtime': [ '7.25.7' ],
29 silly audit   '@emnapi/runtime': [ '1.3.1' ],
29 silly audit   '@eslint-community/eslint-utils': [ '4.4.0' ],
29 silly audit   '@eslint-community/regexpp': [ '4.11.1' ],
29 silly audit   '@eslint/eslintrc': [ '2.1.4' ],
29 silly audit   '@eslint/js': [ '8.49.0' ],
29 silly audit   '@floating-ui/core': [ '1.6.8' ],
29 silly audit   '@floating-ui/dom': [ '1.6.11' ],
29 silly audit   '@floating-ui/react-dom': [ '2.1.2' ],
29 silly audit   '@floating-ui/utils': [ '0.2.8' ],
29 silly audit   '@hookform/resolvers': [ '3.9.0' ],
29 silly audit   '@humanwhocodes/config-array': [ '0.11.14' ],
29 silly audit   '@humanwhocodes/module-importer': [ '1.0.1' ],
29 silly audit   '@humanwhocodes/object-schema': [ '2.0.3' ],
29 silly audit   '@img/sharp-darwin-arm64': [ '0.33.5' ],
29 silly audit   '@img/sharp-darwin-x64': [ '0.33.5' ],
29 silly audit   '@img/sharp-libvips-darwin-arm64': [ '1.0.4' ],
29 silly audit   '@img/sharp-libvips-darwin-x64': [ '1.0.4' ],
29 silly audit   '@img/sharp-libvips-linux-arm': [ '1.0.5' ],
29 silly audit   '@img/sharp-libvips-linux-arm64': [ '1.0.4' ],
29 silly audit   '@img/sharp-libvips-linux-s390x': [ '1.0.4' ],
29 silly audit   '@img/sharp-libvips-linux-x64': [ '1.0.4' ],
29 silly audit   '@img/sharp-libvips-linuxmusl-arm64': [ '1.0.4' ],
29 silly audit   '@img/sharp-libvips-linuxmusl-x64': [ '1.0.4' ],
29 silly audit   '@img/sharp-linux-arm': [ '0.33.5' ],
29 silly audit   '@img/sharp-linux-arm64': [ '0.33.5' ],
29 silly audit   '@img/sharp-linux-s390x': [ '0.33.5' ],
29 silly audit   '@img/sharp-linux-x64': [ '0.33.5' ],
29 silly audit   '@img/sharp-linuxmusl-arm64': [ '0.33.5' ],
29 silly audit   '@img/sharp-linuxmusl-x64': [ '0.33.5' ],
29 silly audit   '@img/sharp-wasm32': [ '0.33.5' ],
29 silly audit   '@img/sharp-win32-ia32': [ '0.33.5' ],
29 silly audit   '@img/sharp-win32-x64': [ '0.33.5' ],
29 silly audit   '@isaacs/cliui': [ '8.0.2' ],
29 silly audit   'ansi-regex': [ '6.1.0', '5.0.1' ],
29 silly audit   'strip-ansi': [ '7.1.0', '6.0.1' ],
29 silly audit   '@jridgewell/gen-mapping': [ '0.3.5' ],
29 silly audit   '@jridgewell/resolve-uri': [ '3.1.2' ],
29 silly audit   '@jridgewell/set-array': [ '1.2.1' ],
29 silly audit   '@jridgewell/sourcemap-codec': [ '1.5.0' ],
29 silly audit   '@jridgewell/trace-mapping': [ '0.3.25' ],
29 silly audit   '@next/env': [ '13.5.1' ],
29 silly audit   '@next/eslint-plugin-next': [ '13.5.1' ],
29 silly audit   '@next/swc-darwin-arm64': [ '13.5.1' ],
29 silly audit   '@next/swc-darwin-x64': [ '13.5.1' ],
29 silly audit   '@next/swc-linux-arm64-gnu': [ '13.5.1' ],
29 silly audit   '@next/swc-linux-arm64-musl': [ '13.5.1' ],
29 silly audit   '@next/swc-linux-x64-gnu': [ '13.5.1' ],
29 silly audit   '@next/swc-linux-x64-musl': [ '13.5.1' ],
29 silly audit   '@next/swc-wasm-nodejs': [ '13.5.1' ],
29 silly audit   '@next/swc-win32-arm64-msvc': [ '13.5.1' ],
29 silly audit   '@next/swc-win32-ia32-msvc': [ '13.5.1' ],
29 silly audit   '@next/swc-win32-x64-msvc': [ '13.5.1' ],
29 silly audit   '@nodelib/fs.scandir': [ '2.1.5' ],
29 silly audit   '@nodelib/fs.stat': [ '2.0.5' ],
29 silly audit   '@nodelib/fs.walk': [ '1.2.8' ],
29 silly audit   '@nolyfill/is-core-module': [ '1.0.39' ],
29 silly audit   '@pkgjs/parseargs': [ '0.11.0' ],
29 silly audit   '@radix-ui/number': [ '1.1.0' ],
29 silly audit   '@radix-ui/primitive': [ '1.1.0', '1.0.1' ],
29 silly audit   '@radix-ui/react-accordion': [ '1.2.1' ],
29 silly audit   '@radix-ui/react-alert-dialog': [ '1.1.2' ],
29 silly audit   '@radix-ui/react-arrow': [ '1.1.0' ],
29 silly audit   '@radix-ui/react-aspect-ratio': [ '1.1.0' ],
29 silly audit   '@radix-ui/react-avatar': [ '1.1.1' ],
29 silly audit   '@radix-ui/react-checkbox': [ '1.1.2' ],
29 silly audit   '@radix-ui/react-collapsible': [ '1.1.1' ],
29 silly audit   '@radix-ui/react-collection': [ '1.1.0' ],
29 silly audit   '@radix-ui/react-context': [ '1.1.0', '1.1.1', '1.0.1' ],
29 silly audit   '@radix-ui/react-compose-refs': [ '1.1.0', '1.0.1' ],
29 silly audit   '@radix-ui/react-context-menu': [ '2.2.2' ],
29 silly audit   '@radix-ui/react-dialog': [ '1.1.2', '1.0.5' ],
29 silly audit   '@radix-ui/react-direction': [ '1.1.0' ],
29 silly audit   '@radix-ui/react-dismissable-layer': [ '1.1.1', '1.0.5' ],
29 silly audit   '@radix-ui/react-dropdown-menu': [ '2.1.2' ],
29 silly audit   '@radix-ui/react-focus-guards': [ '1.1.1', '1.0.1' ],
29 silly audit   '@radix-ui/react-focus-scope': [ '1.1.0', '1.0.4' ],
29 silly audit   '@radix-ui/react-hover-card': [ '1.1.2' ],
29 silly audit   '@radix-ui/react-id': [ '1.1.0', '1.0.1' ],
29 silly audit   '@radix-ui/react-label': [ '2.1.0' ],
29 silly audit   '@radix-ui/react-menu': [ '2.1.2' ],
29 silly audit   '@radix-ui/react-menubar': [ '1.1.2' ],
29 silly audit   '@radix-ui/react-navigation-menu': [ '1.2.1' ],
29 silly audit   '@radix-ui/react-popover': [ '1.1.2' ],
29 silly audit   '@radix-ui/react-popper': [ '1.2.0' ],
29 silly audit   '@radix-ui/react-portal': [ '1.1.2', '1.0.4' ],
29 silly audit   '@radix-ui/react-presence': [ '1.1.1', '1.0.1' ],
29 silly audit   '@radix-ui/react-primitive': [ '2.0.0', '1.0.3' ],
29 silly audit   '@radix-ui/react-progress': [ '1.1.0' ],
29 silly audit   '@radix-ui/react-radio-group': [ '1.2.1' ],
29 silly audit   '@radix-ui/react-roving-focus': [ '1.1.0' ],
29 silly audit   '@radix-ui/react-scroll-area': [ '1.2.0' ],
29 silly audit   '@radix-ui/react-select': [ '2.1.2' ],
29 silly audit   '@radix-ui/react-separator': [ '1.1.0' ],
29 silly audit   '@radix-ui/react-slider': [ '1.2.1' ],
29 silly audit   '@radix-ui/react-slot': [ '1.1.0', '1.0.2' ],
29 silly audit   '@radix-ui/react-switch': [ '1.1.1' ],
29 silly audit   '@radix-ui/react-tabs': [ '1.1.1' ],
29 silly audit   '@radix-ui/react-toast': [ '1.2.2' ],
29 silly audit   '@radix-ui/react-toggle': [ '1.1.0' ],
29 silly audit   '@radix-ui/react-toggle-group': [ '1.1.0' ],
29 silly audit   '@radix-ui/react-tooltip': [ '1.1.3' ],
29 silly audit   '@radix-ui/react-use-callback-ref': [ '1.1.0', '1.0.1' ],
29 silly audit   '@radix-ui/react-use-controllable-state': [ '1.1.0', '1.0.1' ],
29 silly audit   '@radix-ui/react-use-escape-keydown': [ '1.1.0', '1.0.3' ],
29 silly audit   '@radix-ui/react-use-layout-effect': [ '1.1.0', '1.0.1' ],
29 silly audit   '@radix-ui/react-use-previous': [ '1.1.0' ],
29 silly audit   '@radix-ui/react-use-rect': [ '1.1.0' ],
29 silly audit   '@radix-ui/react-use-size': [ '1.1.0' ],
29 silly audit   '@radix-ui/react-visually-hidden': [ '1.1.0' ],
29 silly audit   '@radix-ui/rect': [ '1.1.0' ],
29 silly audit   '@rtsao/scc': [ '1.1.0' ],
29 silly audit   '@rushstack/eslint-patch': [ '1.10.4' ],
29 silly audit   '@swc/helpers': [ '0.5.2' ],
29 silly audit   '@types/d3-array': [ '3.2.1' ],
29 silly audit   '@types/d3-color': [ '3.1.3' ],
29 silly audit   '@types/d3-ease': [ '3.0.2' ],
29 silly audit   '@types/d3-interpolate': [ '3.0.4' ],
29 silly audit   '@types/d3-path': [ '3.1.0' ],
29 silly audit   '@types/d3-scale': [ '4.0.8' ],
29 silly audit   '@types/d3-shape': [ '3.1.6' ],
29 silly audit   '@types/d3-time': [ '3.0.3' ],
29 silly audit   '@types/d3-timer': [ '3.0.2' ],
29 silly audit   '@types/json5': [ '0.0.29' ],
29 silly audit   '@types/node': [ '20.6.2' ],
29 silly audit   '@types/prop-types': [ '15.7.13' ],
29 silly audit   '@types/react': [ '18.2.22' ],
29 silly audit   '@types/react-dom': [ '18.2.7' ],
29 silly audit   '@types/scheduler': [ '0.23.0' ],
29 silly audit   '@typescript-eslint/parser': [ '6.21.0' ],
29 silly audit   '@typescript-eslint/scope-manager': [ '6.21.0' ],
29 silly audit   '@typescript-eslint/types': [ '6.21.0' ],
29 silly audit   '@typescript-eslint/typescript-estree': [ '6.21.0' ],
29 silly audit   'brace-expansion': [ '2.0.1', '1.1.11' ],
29 silly audit   minimatch: [ '9.0.3', '3.1.2', '9.0.5' ],
29 silly audit   '@typescript-eslint/visitor-keys': [ '6.21.0' ],
29 silly audit   acorn: [ '8.12.1' ],
29 silly audit   'acorn-jsx': [ '5.3.2' ],
29 silly audit   ajv: [ '6.12.6' ],
29 silly audit   'ansi-styles': [ '4.3.0', '6.2.1' ],
29 silly audit   'any-promise': [ '1.3.0' ],
29 silly audit   anymatch: [ '3.1.3' ],
29 silly audit   arg: [ '5.0.2' ],
29 silly audit   argparse: [ '2.0.1' ],
29 silly audit   'aria-hidden': [ '1.2.4' ],
29 silly audit   'aria-query': [ '5.1.3' ],
29 silly audit   'array-buffer-byte-length': [ '1.0.1' ],
29 silly audit   'array-includes': [ '3.1.8' ],
29 silly audit   'array-union': [ '2.1.0' ],
29 silly audit   'array.prototype.findlast': [ '1.2.5' ],
29 silly audit   'array.prototype.findlastindex': [ '1.2.5' ],
29 silly audit   'array.prototype.flat': [ '1.3.2' ],
29 silly audit   'array.prototype.flatmap': [ '1.3.2' ],
29 silly audit   'array.prototype.tosorted': [ '1.1.4' ],
29 silly audit   'arraybuffer.prototype.slice': [ '1.0.3' ],
29 silly audit   'ast-types-flow': [ '0.0.8' ],
29 silly audit   autoprefixer: [ '10.4.15' ],
29 silly audit   'available-typed-arrays': [ '1.0.7' ],
29 silly audit   'axe-core': [ '4.10.0' ],
29 silly audit   'axobject-query': [ '4.1.0' ],
29 silly audit   'balanced-match': [ '1.0.2' ],
29 silly audit   'binary-extensions': [ '2.3.0' ],
29 silly audit   braces: [ '3.0.3' ],
29 silly audit   browserslist: [ '4.24.0' ],
29 silly audit   busboy: [ '1.6.0' ],
29 silly audit   'call-bind': [ '1.0.7' ],
29 silly audit   callsites: [ '3.1.0' ],
29 silly audit   'camelcase-css': [ '2.0.1' ],
29 silly audit   'caniuse-lite': [ '1.0.30001667' ],
29 silly audit   chalk: [ '4.1.2' ],
29 silly audit   chokidar: [ '3.6.0' ],
29 silly audit   'glob-parent': [ '5.1.2', '6.0.2' ],
29 silly audit   'class-variance-authority': [ '0.7.0' ],
29 silly audit   clsx: [ '2.0.0', '2.1.1' ],
29 silly audit   'client-only': [ '0.0.1' ],
29 silly audit   cmdk: [ '1.0.0' ],
29 silly audit   'react-remove-scroll': [ '2.5.5', '2.6.0' ],
29 silly audit   color: [ '4.2.3' ],
29 silly audit   'color-convert': [ '2.0.1' ],
29 silly audit   'color-name': [ '1.1.4' ],
29 silly audit   'color-string': [ '1.9.1' ],
29 silly audit   commander: [ '4.1.1' ],
29 silly audit   'concat-map': [ '0.0.1' ],
29 silly audit   'cross-spawn': [ '7.0.3' ],
29 silly audit   cssesc: [ '3.0.0' ],
29 silly audit   csstype: [ '3.1.3' ],
29 silly audit   'd3-array': [ '3.2.4' ],
29 silly audit   'd3-color': [ '3.1.0' ],
29 silly audit   'd3-ease': [ '3.0.1' ],
29 silly audit   'd3-format': [ '3.1.0' ],
29 silly audit   'd3-interpolate': [ '3.0.1' ],
29 silly audit   'd3-path': [ '3.1.0' ],
29 silly audit   'd3-scale': [ '4.0.2' ],
29 silly audit   'd3-shape': [ '3.2.0' ],
29 silly audit   'd3-time': [ '3.1.0' ],
29 silly audit   'd3-time-format': [ '4.1.0' ],
29 silly audit   'd3-timer': [ '3.0.1' ],
29 silly audit   'damerau-levenshtein': [ '1.0.8' ],
29 silly audit   'data-view-buffer': [ '1.0.1' ],
29 silly audit   'data-view-byte-length': [ '1.0.1' ],
29 silly audit   'data-view-byte-offset': [ '1.0.0' ],
29 silly audit   'date-fns': [ '3.6.0' ],
29 silly audit   debug: [ '4.3.7', '3.2.7' ],
29 silly audit   'decimal.js-light': [ '2.5.1' ],
29 silly audit   'deep-equal': [ '2.2.3' ],
29 silly audit   'deep-is': [ '0.1.4' ],
29 silly audit   'define-data-property': [ '1.1.4' ],
29 silly audit   'define-properties': [ '1.2.1' ],
29 silly audit   'detect-libc': [ '2.0.3' ],
29 silly audit   'detect-node-es': [ '1.1.0' ],
29 silly audit   didyoumean: [ '1.2.2' ],
29 silly audit   'dir-glob': [ '3.0.1' ],
29 silly audit   dlv: [ '1.1.3' ],
29 silly audit   doctrine: [ '3.0.0', '2.1.0' ],
29 silly audit   'dom-helpers': [ '5.2.1' ],
29 silly audit   eastasianwidth: [ '0.2.0' ],
29 silly audit   'electron-to-chromium': [ '1.5.34' ],
29 silly audit   'embla-carousel': [ '8.3.0' ],
29 silly audit   'embla-carousel-react': [ '8.3.0' ],
29 silly audit   'embla-carousel-reactive-utils': [ '8.3.0' ],
29 silly audit   'emoji-regex': [ '9.2.2', '8.0.0' ],
29 silly audit   'enhanced-resolve': [ '5.17.1' ],
29 silly audit   'es-abstract': [ '1.23.3' ],
29 silly audit   'es-define-property': [ '1.0.0' ],
29 silly audit   'es-errors': [ '1.3.0' ],
29 silly audit   'es-get-iterator': [ '1.1.3' ],
29 silly audit   'es-iterator-helpers': [ '1.1.0' ],
29 silly audit   'es-object-atoms': [ '1.0.0' ],
29 silly audit   'es-set-tostringtag': [ '2.0.3' ],
29 silly audit   'es-shim-unscopables': [ '1.0.2' ],
29 silly audit   'es-to-primitive': [ '1.2.1' ],
29 silly audit   escalade: [ '3.2.0' ],
29 silly audit   'escape-string-regexp': [ '4.0.0' ],
29 silly audit   eslint: [ '8.49.0' ],
29 silly audit   'eslint-config-next': [ '13.5.1' ],
29 silly audit   'eslint-import-resolver-typescript': [ '3.6.3' ],
29 silly audit   'eslint-import-resolver-node': [ '0.3.9' ],
29 silly audit   'eslint-module-utils': [ '2.12.0' ],
29 silly audit   'eslint-plugin-import': [ '2.31.0' ],
29 silly audit   semver: [ '6.3.1', '7.6.3' ],
29 silly audit   'eslint-plugin-jsx-a11y': [ '6.10.0' ],
29 silly audit   'eslint-plugin-react': [ '7.37.1' ],
29 silly audit   'eslint-plugin-react-hooks': [ '4.6.2' ],
29 silly audit   resolve: [ '2.0.0-next.5', '1.22.8' ],
29 silly audit   'eslint-scope': [ '7.2.2' ],
29 silly audit   'eslint-visitor-keys': [ '3.4.3' ],
29 silly audit   espree: [ '9.6.1' ],
29 silly audit   esquery: [ '1.6.0' ],
29 silly audit   esrecurse: [ '4.3.0' ],
29 silly audit   estraverse: [ '5.3.0' ],
29 silly audit   esutils: [ '2.0.3' ],
29 silly audit   eventemitter3: [ '4.0.7' ],
29 silly audit   'fast-deep-equal': [ '3.1.3' ],
29 silly audit   'fast-equals': [ '5.0.1' ],
29 silly audit   'fast-glob': [ '3.3.2' ],
29 silly audit   'fast-json-stable-stringify': [ '2.1.0' ],
29 silly audit   'fast-levenshtein': [ '2.0.6' ],
29 silly audit   fastq: [ '1.17.1' ],
29 silly audit   'file-entry-cache': [ '6.0.1' ],
29 silly audit   'fill-range': [ '7.1.1' ],
29 silly audit   'find-up': [ '5.0.0' ],
29 silly audit   'flat-cache': [ '3.2.0' ],
29 silly audit   flatted: [ '3.3.1' ],
29 silly audit   'for-each': [ '0.3.3' ],
29 silly audit   'foreground-child': [ '3.3.0' ],
29 silly audit   'fraction.js': [ '4.3.7' ],
29 silly audit   'fs.realpath': [ '1.0.0' ],
29 silly audit   fsevents: [ '2.3.3' ],
29 silly audit   'function-bind': [ '1.1.2' ],
29 silly audit   'function.prototype.name': [ '1.1.6' ],
29 silly audit   'functions-have-names': [ '1.2.3' ],
29 silly audit   'get-intrinsic': [ '1.2.4' ],
29 silly audit   'get-nonce': [ '1.0.1' ],
29 silly audit   'get-symbol-description': [ '1.0.2' ],
29 silly audit   'get-tsconfig': [ '4.8.1' ],
29 silly audit   glob: [ '7.1.7', '10.4.5' ],
29 silly audit   'glob-to-regexp': [ '0.4.1' ],
29 silly audit   globals: [ '13.24.0' ],
29 silly audit   globalthis: [ '1.0.4' ],
29 silly audit   globby: [ '11.1.0' ],
29 silly audit   gopd: [ '1.0.1' ],
29 silly audit   'graceful-fs': [ '4.2.11' ],
29 silly audit   graphemer: [ '1.4.0' ],
29 silly audit   'has-bigints': [ '1.0.2' ],
29 silly audit   'has-flag': [ '4.0.0' ],
29 silly audit   'has-property-descriptors': [ '1.0.2' ],
29 silly audit   'has-proto': [ '1.0.3' ],
29 silly audit   'has-symbols': [ '1.0.3' ],
29 silly audit   'has-tostringtag': [ '1.0.2' ],
29 silly audit   hasown: [ '2.0.2' ],
29 silly audit   ignore: [ '5.3.2' ],
29 silly audit   'import-fresh': [ '3.3.0' ],
29 silly audit   imurmurhash: [ '0.1.4' ],
29 silly audit   inflight: [ '1.0.6' ],
29 silly audit   inherits: [ '2.0.4' ],
29 silly audit   'input-otp': [ '1.2.4' ],
29 silly audit   'internal-slot': [ '1.0.7' ],
29 silly audit   internmap: [ '2.0.3' ],
29 silly audit   invariant: [ '2.2.4' ],
29 silly audit   'is-arguments': [ '1.1.1' ],
29 silly audit   'is-array-buffer': [ '3.0.4' ],
29 silly audit   'is-arrayish': [ '0.3.2' ],
29 silly audit   'is-async-function': [ '2.0.0' ],
29 silly audit   'is-bigint': [ '1.0.4' ],
29 silly audit   'is-binary-path': [ '2.1.0' ],
29 silly audit   'is-boolean-object': [ '1.1.2' ],
29 silly audit   'is-bun-module': [ '1.2.1' ],
29 silly audit   'is-callable': [ '1.2.7' ],
29 silly audit   'is-core-module': [ '2.15.1' ],
29 silly audit   'is-data-view': [ '1.0.1' ],
29 silly audit   'is-date-object': [ '1.0.5' ],
29 silly audit   'is-extglob': [ '2.1.1' ],
29 silly audit   'is-finalizationregistry': [ '1.0.2' ],
29 silly audit   'is-fullwidth-code-point': [ '3.0.0' ],
29 silly audit   'is-generator-function': [ '1.0.10' ],
29 silly audit   'is-glob': [ '4.0.3' ],
29 silly audit   'is-map': [ '2.0.3' ],
29 silly audit   'is-negative-zero': [ '2.0.3' ],
29 silly audit   'is-number': [ '7.0.0' ],
29 silly audit   'is-number-object': [ '1.0.7' ],
29 silly audit   'is-path-inside': [ '3.0.3' ],
29 silly audit   'is-regex': [ '1.1.4' ],
29 silly audit   'is-set': [ '2.0.3' ],
29 silly audit   'is-shared-array-buffer': [ '1.0.3' ],
29 silly audit   'is-string': [ '1.0.7' ],
29 silly audit   'is-symbol': [ '1.0.4' ],
29 silly audit   'is-typed-array': [ '1.1.13' ],
29 silly audit   'is-weakmap': [ '2.0.2' ],
29 silly audit   'is-weakref': [ '1.0.2' ],
29 silly audit   'is-weakset': [ '2.0.3' ],
29 silly audit   isarray: [ '2.0.5' ],
29 silly audit   isexe: [ '2.0.0' ],
29 silly audit   'iterator.prototype': [ '1.1.3' ],
29 silly audit   jackspeak: [ '3.4.3' ],
29 silly audit   jiti: [ '1.21.6' ],
29 silly audit   'js-tokens': [ '4.0.0' ],
29 silly audit   'js-yaml': [ '4.1.0' ],
29 silly audit   'json-buffer': [ '3.0.1' ],
29 silly audit   'json-loader': [ '0.5.7' ],
29 silly audit   'json-schema-traverse': [ '0.4.1' ],
29 silly audit   'json-stable-stringify-without-jsonify': [ '1.0.1' ],
29 silly audit   json5: [ '1.0.2' ],
29 silly audit   'jsx-ast-utils': [ '3.3.5' ],
29 silly audit   keyv: [ '4.5.4' ],
29 silly audit   'language-subtag-registry': [ '0.3.23' ],
29 silly audit   'language-tags': [ '1.0.9' ],
29 silly audit   levn: [ '0.4.1' ],
29 silly audit   lilconfig: [ '2.1.0', '3.1.2' ],
29 silly audit   'lines-and-columns': [ '1.2.4' ],
29 silly audit   'locate-path': [ '6.0.0' ],
29 silly audit   lodash: [ '4.17.21' ],
29 silly audit   'lodash.merge': [ '4.6.2' ],
29 silly audit   'loose-envify': [ '1.4.0' ],
29 silly audit   'lottie-web': [ '5.12.2' ],
29 silly audit   'lru-cache': [ '10.4.3' ],
29 silly audit   'lucide-react': [ '0.446.0' ],
29 silly audit   merge2: [ '1.4.1' ],
29 silly audit   micromatch: [ '4.0.8' ],
29 silly audit   minimist: [ '1.2.8' ],
29 silly audit   minipass: [ '7.1.2' ],
29 silly audit   ms: [ '2.1.3' ],
29 silly audit   mz: [ '2.7.0' ],
29 silly audit   nanoid: [ '3.3.7' ],
29 silly audit   'natural-compare': [ '1.4.0' ],
29 silly audit   next: [ '13.5.1' ],
29 silly audit   'next-themes': [ '0.3.0' ],
29 silly audit   postcss: [ '8.4.14', '8.4.30' ],
29 silly audit   zod: [ '3.21.4', '3.23.8' ],
29 silly audit   'node-releases': [ '2.0.18' ],
29 silly audit   'normalize-path': [ '3.0.0' ],
29 silly audit   'normalize-range': [ '0.1.2' ],
29 silly audit   'object-assign': [ '4.1.1' ],
29 silly audit   'object-hash': [ '3.0.0' ],
29 silly audit   'object-inspect': [ '1.13.2' ],
29 silly audit   'object-is': [ '1.1.6' ],
29 silly audit   'object-keys': [ '1.1.1' ],
29 silly audit   'object.assign': [ '4.1.5' ],
29 silly audit   'object.entries': [ '1.1.8' ],
29 silly audit   'object.fromentries': [ '2.0.8' ],
29 silly audit   'object.groupby': [ '1.0.3' ],
29 silly audit   'object.values': [ '1.2.0' ],
29 silly audit   once: [ '1.4.0' ],
29 silly audit   optionator: [ '0.9.4' ],
29 silly audit   'p-limit': [ '3.1.0' ],
29 silly audit   'p-locate': [ '5.0.0' ],
29 silly audit   'package-json-from-dist': [ '1.0.1' ],
29 silly audit   'parent-module': [ '1.0.1' ],
29 silly audit   'path-exists': [ '4.0.0' ],
29 silly audit   'path-is-absolute': [ '1.0.1' ],
29 silly audit   'path-key': [ '3.1.1' ],
29 silly audit   'path-parse': [ '1.0.7' ],
29 silly audit   'path-scurry': [ '1.11.1' ],
29 silly audit   'path-type': [ '4.0.0' ],
29 silly audit   picocolors: [ '1.1.0' ],
29 silly audit   picomatch: [ '2.3.1' ],
29 silly audit   pify: [ '2.3.0' ],
29 silly audit   pirates: [ '4.0.6' ],
29 silly audit   'possible-typed-array-names': [ '1.0.0' ],
29 silly audit   'postcss-import': [ '15.1.0' ],
29 silly audit   'postcss-js': [ '4.0.1' ],
29 silly audit   'postcss-load-config': [ '4.0.2' ],
29 silly audit   'postcss-nested': [ '6.2.0' ],
29 silly audit   'postcss-selector-parser': [ '6.1.2' ],
29 silly audit   'postcss-value-parser': [ '4.2.0' ],
29 silly audit   'prelude-ls': [ '1.2.1' ],
29 silly audit   'prop-types': [ '15.8.1' ],
29 silly audit   punycode: [ '2.3.1' ],
29 silly audit   'queue-microtask': [ '1.2.3' ],
29 silly audit   react: [ '18.2.0' ],
29 silly audit   'react-day-picker': [ '8.10.1' ],
29 silly audit   'react-dom': [ '18.2.0' ],
29 silly audit   'react-hook-form': [ '7.53.0' ],
29 silly audit   'react-is': [ '16.13.1' ],
29 silly audit   'react-remove-scroll-bar': [ '2.3.6' ],
29 silly audit   'react-resizable-panels': [ '2.1.4' ],
29 silly audit   'react-smooth': [ '4.0.1' ],
29 silly audit   'react-style-singleton': [ '2.2.1' ],
29 silly audit   'react-transition-group': [ '4.4.5' ],
29 silly audit   'read-cache': [ '1.0.0' ],
29 silly audit   readdirp: [ '3.6.0' ],
29 silly audit   recharts: [ '2.12.7' ],
29 silly audit   'recharts-scale': [ '0.4.5' ],
29 silly audit   'reflect.getprototypeof': [ '1.0.6' ],
29 silly audit   'regenerator-runtime': [ '0.14.1' ],
29 silly audit   'regexp.prototype.flags': [ '1.5.3' ],
29 silly audit   'resolve-from': [ '4.0.0' ],
29 silly audit   'resolve-pkg-maps': [ '1.0.0' ],
29 silly audit   reusify: [ '1.0.4' ],
29 silly audit   rimraf: [ '3.0.2' ],
29 silly audit   'run-parallel': [ '1.2.0' ],
29 silly audit   'safe-array-concat': [ '1.1.2' ],
29 silly audit   'safe-regex-test': [ '1.0.3' ],
29 silly audit   scheduler: [ '0.23.2' ],
29 silly audit   'set-function-length': [ '1.2.2' ],
29 silly audit   'set-function-name': [ '2.0.2' ],
29 silly audit   sharp: [ '0.33.5' ],
29 silly audit   'shebang-command': [ '2.0.0' ],
29 silly audit   'shebang-regex': [ '3.0.0' ],
29 silly audit   'side-channel': [ '1.0.6' ],
29 silly audit   'signal-exit': [ '4.1.0' ],
29 silly audit   'simple-swizzle': [ '0.2.2' ],
29 silly audit   slash: [ '3.0.0' ],
29 silly audit   sonner: [ '1.5.0' ],
29 silly audit   'source-map-js': [ '1.2.1' ],
29 silly audit   'stop-iteration-iterator': [ '1.0.0' ],
29 silly audit   streamsearch: [ '1.1.0' ],
29 silly audit   'string-width': [ '5.1.2', '4.2.3' ],
29 silly audit   'string.prototype.includes': [ '2.0.0' ],
29 silly audit   'string.prototype.matchall': [ '4.0.11' ],
29 silly audit   'string.prototype.repeat': [ '1.0.0' ],
29 silly audit   'string.prototype.trim': [ '1.2.9' ],
29 silly audit   'string.prototype.trimend': [ '1.0.8' ],
29 silly audit   'string.prototype.trimstart': [ '1.0.8' ],
29 silly audit   'strip-bom': [ '3.0.0' ],
29 silly audit   'strip-json-comments': [ '3.1.1' ],
29 silly audit   'styled-jsx': [ '5.1.1' ],
29 silly audit   sucrase: [ '3.35.0' ],
29 silly audit   'supports-color': [ '7.2.0' ],
29 silly audit   'supports-preserve-symlinks-flag': [ '1.0.0' ],
29 silly audit   'tailwind-merge': [ '2.5.3' ],
29 silly audit   tailwindcss: [ '3.3.3' ],
29 silly audit   'tailwindcss-animate': [ '1.0.7' ],
29 silly audit   tapable: [ '2.2.1' ],
29 silly audit   'text-table': [ '0.2.0' ],
29 silly audit   thenify: [ '3.3.1' ],
29 silly audit   'thenify-all': [ '1.6.0' ],
29 silly audit   'tiny-invariant': [ '1.3.3' ],
29 silly audit   'to-regex-range': [ '5.0.1' ],
29 silly audit   'ts-api-utils': [ '1.3.0' ],
29 silly audit   'ts-interface-checker': [ '0.1.13' ],
29 silly audit   'tsconfig-paths': [ '3.15.0' ],
29 silly audit   tslib: [ '2.7.0' ],
29 silly audit   'type-check': [ '0.4.0' ],
29 silly audit   'type-fest': [ '0.20.2' ],
29 silly audit   'typed-array-buffer': [ '1.0.2' ],
29 silly audit   'typed-array-byte-length': [ '1.0.1' ],
29 silly audit   'typed-array-byte-offset': [ '1.0.2' ],
29 silly audit   'typed-array-length': [ '1.0.6' ],
29 silly audit   typescript: [ '5.2.2' ],
29 silly audit   'unbox-primitive': [ '1.0.2' ],
29 silly audit   'update-browserslist-db': [ '1.1.1' ],
29 silly audit   'uri-js': [ '4.4.1' ],
29 silly audit   'use-callback-ref': [ '1.3.2' ],
29 silly audit   'use-sidecar': [ '1.1.2' ],
29 silly audit   'use-sync-external-store': [ '1.4.0' ],
29 silly audit   'util-deprecate': [ '1.0.2' ],
29 silly audit   vaul: [ '0.9.9' ],
29 silly audit   'victory-vendor': [ '36.9.2' ],
29 silly audit   watchpack: [ '2.4.0' ],
29 silly audit   which: [ '2.0.2' ],
29 silly audit   'which-boxed-primitive': [ '1.0.2' ],
29 silly audit   'which-builtin-type': [ '1.1.4' ],
29 silly audit   'which-collection': [ '1.0.2' ],
29 silly audit   'which-typed-array': [ '1.1.15' ],
29 silly audit   'word-wrap': [ '1.2.5' ],
29 silly audit   'wrap-ansi': [ '8.1.0', '7.0.0' ],
29 silly audit   wrappy: [ '1.0.2' ],
29 silly audit   yaml: [ '2.5.1' ],
29 silly audit   'yocto-queue': [ '0.1.0' ],
29 silly audit   zustand: [ '4.5.6' ],
29 silly audit   'lottie-react': [ '2.4.0' ]
29 silly audit }
30 verbose reify failed optional dependency /Users/italofelipe/Downloads/portfolio-2.0-main/node_modules/@next/swc-win32-x64-msvc
31 silly reify mark deleted [
31 silly reify   '/Users/italofelipe/Downloads/portfolio-2.0-main/node_modules/@next/swc-win32-x64-msvc'
31 silly reify ]
32 verbose reify failed optional dependency /Users/italofelipe/Downloads/portfolio-2.0-main/node_modules/@next/swc-win32-ia32-msvc
33 silly reify mark deleted [
33 silly reify   '/Users/italofelipe/Downloads/portfolio-2.0-main/node_modules/@next/swc-win32-ia32-msvc'
33 silly reify ]
34 verbose reify failed optional dependency /Users/italofelipe/Downloads/portfolio-2.0-main/node_modules/@next/swc-win32-arm64-msvc
35 silly reify mark deleted [
35 silly reify   '/Users/italofelipe/Downloads/portfolio-2.0-main/node_modules/@next/swc-win32-arm64-msvc'
35 silly reify ]
36 verbose reify failed optional dependency /Users/italofelipe/Downloads/portfolio-2.0-main/node_modules/@next/swc-linux-x64-musl
37 silly reify mark deleted [
37 silly reify   '/Users/italofelipe/Downloads/portfolio-2.0-main/node_modules/@next/swc-linux-x64-musl'
37 silly reify ]
38 verbose reify failed optional dependency /Users/italofelipe/Downloads/portfolio-2.0-main/node_modules/@next/swc-linux-x64-gnu
39 silly reify mark deleted [
39 silly reify   '/Users/italofelipe/Downloads/portfolio-2.0-main/node_modules/@next/swc-linux-x64-gnu'
39 silly reify ]
40 verbose reify failed optional dependency /Users/italofelipe/Downloads/portfolio-2.0-main/node_modules/@next/swc-linux-arm64-musl
41 silly reify mark deleted [
41 silly reify   '/Users/italofelipe/Downloads/portfolio-2.0-main/node_modules/@next/swc-linux-arm64-musl'
41 silly reify ]
42 verbose reify failed optional dependency /Users/italofelipe/Downloads/portfolio-2.0-main/node_modules/@next/swc-linux-arm64-gnu
43 silly reify mark deleted [
43 silly reify   '/Users/italofelipe/Downloads/portfolio-2.0-main/node_modules/@next/swc-linux-arm64-gnu'
43 silly reify ]
44 verbose reify failed optional dependency /Users/italofelipe/Downloads/portfolio-2.0-main/node_modules/@next/swc-darwin-arm64
45 silly reify mark deleted [
45 silly reify   '/Users/italofelipe/Downloads/portfolio-2.0-main/node_modules/@next/swc-darwin-arm64'
45 silly reify ]
46 verbose reify failed optional dependency /Users/italofelipe/Downloads/portfolio-2.0-main/node_modules/@img/sharp-win32-x64
47 silly reify mark deleted [
47 silly reify   '/Users/italofelipe/Downloads/portfolio-2.0-main/node_modules/@img/sharp-win32-x64'
47 silly reify ]
48 verbose reify failed optional dependency /Users/italofelipe/Downloads/portfolio-2.0-main/node_modules/@img/sharp-win32-ia32
49 silly reify mark deleted [
49 silly reify   '/Users/italofelipe/Downloads/portfolio-2.0-main/node_modules/@img/sharp-win32-ia32'
49 silly reify ]
50 verbose reify failed optional dependency /Users/italofelipe/Downloads/portfolio-2.0-main/node_modules/@img/sharp-wasm32
51 silly reify mark deleted [
51 silly reify   '/Users/italofelipe/Downloads/portfolio-2.0-main/node_modules/@img/sharp-wasm32'
51 silly reify ]
52 verbose reify failed optional dependency /Users/italofelipe/Downloads/portfolio-2.0-main/node_modules/@emnapi/runtime
53 silly reify mark deleted [
53 silly reify   '/Users/italofelipe/Downloads/portfolio-2.0-main/node_modules/@emnapi/runtime'
53 silly reify ]
54 verbose reify failed optional dependency /Users/italofelipe/Downloads/portfolio-2.0-main/node_modules/@img/sharp-linuxmusl-x64
55 silly reify mark deleted [
55 silly reify   '/Users/italofelipe/Downloads/portfolio-2.0-main/node_modules/@img/sharp-linuxmusl-x64'
55 silly reify ]
56 verbose reify failed optional dependency /Users/italofelipe/Downloads/portfolio-2.0-main/node_modules/@img/sharp-linuxmusl-arm64
57 silly reify mark deleted [
57 silly reify   '/Users/italofelipe/Downloads/portfolio-2.0-main/node_modules/@img/sharp-linuxmusl-arm64'
57 silly reify ]
58 verbose reify failed optional dependency /Users/italofelipe/Downloads/portfolio-2.0-main/node_modules/@img/sharp-linux-x64
59 silly reify mark deleted [
59 silly reify   '/Users/italofelipe/Downloads/portfolio-2.0-main/node_modules/@img/sharp-linux-x64'
59 silly reify ]
60 verbose reify failed optional dependency /Users/italofelipe/Downloads/portfolio-2.0-main/node_modules/@img/sharp-linux-s390x
61 silly reify mark deleted [
61 silly reify   '/Users/italofelipe/Downloads/portfolio-2.0-main/node_modules/@img/sharp-linux-s390x'
61 silly reify ]
62 verbose reify failed optional dependency /Users/italofelipe/Downloads/portfolio-2.0-main/node_modules/@img/sharp-linux-arm64
63 silly reify mark deleted [
63 silly reify   '/Users/italofelipe/Downloads/portfolio-2.0-main/node_modules/@img/sharp-linux-arm64'
63 silly reify ]
64 verbose reify failed optional dependency /Users/italofelipe/Downloads/portfolio-2.0-main/node_modules/@img/sharp-linux-arm
65 silly reify mark deleted [
65 silly reify   '/Users/italofelipe/Downloads/portfolio-2.0-main/node_modules/@img/sharp-linux-arm'
65 silly reify ]
66 verbose reify failed optional dependency /Users/italofelipe/Downloads/portfolio-2.0-main/node_modules/@img/sharp-libvips-linuxmusl-x64
67 silly reify mark deleted [
67 silly reify   '/Users/italofelipe/Downloads/portfolio-2.0-main/node_modules/@img/sharp-libvips-linuxmusl-x64'
67 silly reify ]
68 verbose reify failed optional dependency /Users/italofelipe/Downloads/portfolio-2.0-main/node_modules/@img/sharp-libvips-linuxmusl-arm64
69 silly reify mark deleted [
69 silly reify   '/Users/italofelipe/Downloads/portfolio-2.0-main/node_modules/@img/sharp-libvips-linuxmusl-arm64'
69 silly reify ]
70 verbose reify failed optional dependency /Users/italofelipe/Downloads/portfolio-2.0-main/node_modules/@img/sharp-libvips-linux-x64
71 silly reify mark deleted [
71 silly reify   '/Users/italofelipe/Downloads/portfolio-2.0-main/node_modules/@img/sharp-libvips-linux-x64'
71 silly reify ]
72 verbose reify failed optional dependency /Users/italofelipe/Downloads/portfolio-2.0-main/node_modules/@img/sharp-libvips-linux-s390x
73 silly reify mark deleted [
73 silly reify   '/Users/italofelipe/Downloads/portfolio-2.0-main/node_modules/@img/sharp-libvips-linux-s390x'
73 silly reify ]
74 verbose reify failed optional dependency /Users/italofelipe/Downloads/portfolio-2.0-main/node_modules/@img/sharp-libvips-linux-arm64
75 silly reify mark deleted [
75 silly reify   '/Users/italofelipe/Downloads/portfolio-2.0-main/node_modules/@img/sharp-libvips-linux-arm64'
75 silly reify ]
76 verbose reify failed optional dependency /Users/italofelipe/Downloads/portfolio-2.0-main/node_modules/@img/sharp-libvips-linux-arm
77 silly reify mark deleted [
77 silly reify   '/Users/italofelipe/Downloads/portfolio-2.0-main/node_modules/@img/sharp-libvips-linux-arm'
77 silly reify ]
78 verbose reify failed optional dependency /Users/italofelipe/Downloads/portfolio-2.0-main/node_modules/@img/sharp-libvips-darwin-arm64
79 silly reify mark deleted [
79 silly reify   '/Users/italofelipe/Downloads/portfolio-2.0-main/node_modules/@img/sharp-libvips-darwin-arm64'
79 silly reify ]
80 verbose reify failed optional dependency /Users/italofelipe/Downloads/portfolio-2.0-main/node_modules/@img/sharp-darwin-arm64
81 silly reify mark deleted [
81 silly reify   '/Users/italofelipe/Downloads/portfolio-2.0-main/node_modules/@img/sharp-darwin-arm64'
81 silly reify ]
82 http cache @emnapi/runtime@https://registry.npmjs.org/@emnapi/runtime/-/runtime-1.3.1.tgz 0ms (cache hit)
83 http fetch POST 200 https://registry.npmjs.org/-/npm/v1/security/advisories/bulk 308ms
84 silly audit report {
84 silly audit report   'cross-spawn': [
84 silly audit report     {
84 silly audit report       id: 1100563,
84 silly audit report       url: 'https://github.com/advisories/GHSA-3xgq-45jj-v275',
84 silly audit report       title: 'Regular Expression Denial of Service (ReDoS) in cross-spawn',
84 silly audit report       severity: 'high',
84 silly audit report       vulnerable_versions: '>=7.0.0 <7.0.5',
84 silly audit report       cwe: [Array],
84 silly audit report       cvss: [Object]
84 silly audit report     }
84 silly audit report   ],
84 silly audit report   nanoid: [
84 silly audit report     {
84 silly audit report       id: 1101163,
84 silly audit report       url: 'https://github.com/advisories/GHSA-mwcw-c2x4-8c55',
84 silly audit report       title: 'Predictable results in nanoid generation when given non-integer values',
84 silly audit report       severity: 'moderate',
84 silly audit report       vulnerable_versions: '<3.3.8',
84 silly audit report       cwe: [Array],
84 silly audit report       cvss: [Object]
84 silly audit report     }
84 silly audit report   ],
84 silly audit report   next: [
84 silly audit report     {
84 silly audit report       id: 1099639,
84 silly audit report       url: 'https://github.com/advisories/GHSA-gp8f-8m3g-qvj9',
84 silly audit report       title: 'Next.js Cache Poisoning',
84 silly audit report       severity: 'high',
84 silly audit report       vulnerable_versions: '>=13.5.1 <13.5.7',
84 silly audit report       cwe: [Array],
84 silly audit report       cvss: [Object]
84 silly audit report     },
84 silly audit report     {
84 silly audit report       id: 1100421,
84 silly audit report       url: 'https://github.com/advisories/GHSA-g77x-44xx-532m',
84 silly audit report       title: 'Denial of Service condition in Next.js image optimization',
84 silly audit report       severity: 'moderate',
84 silly audit report       vulnerable_versions: '>=10.0.0 <14.2.7',
84 silly audit report       cwe: [Array],
84 silly audit report       cvss: [Object]
84 silly audit report     },
84 silly audit report     {
84 silly audit report       id: 1101380,
84 silly audit report       url: 'https://github.com/advisories/GHSA-7gfc-8cq8-jh5f',
84 silly audit report       title: 'Next.js authorization bypass vulnerability',
84 silly audit report       severity: 'high',
84 silly audit report       vulnerable_versions: '>=9.5.5 <14.2.15',
84 silly audit report       cwe: [Array],
84 silly audit report       cvss: [Object]
84 silly audit report     },
84 silly audit report     {
84 silly audit report       id: 1101439,
84 silly audit report       url: 'https://github.com/advisories/GHSA-7m27-7ghc-44w9',
84 silly audit report       title: 'Next.js Allows a Denial of Service (DoS) with Server Actions',
84 silly audit report       severity: 'moderate',
84 silly audit report       vulnerable_versions: '>=13.0.0 <13.5.8',
84 silly audit report       cwe: [Array],
84 silly audit report       cvss: [Object]
84 silly audit report     },
84 silly audit report     {
84 silly audit report       id: 1097295,
84 silly audit report       url: 'https://github.com/advisories/GHSA-fr5h-rqp8-mj6g',
84 silly audit report       title: 'Next.js Server-Side Request Forgery in Server Actions',
84 silly audit report       severity: 'high',
84 silly audit report       vulnerable_versions: '>=13.4.0 <14.1.1',
84 silly audit report       cwe: [Array],
84 silly audit report       cvss: [Object]
84 silly audit report     }
84 silly audit report   ],
84 silly audit report   postcss: [
84 silly audit report     {
84 silly audit report       id: 1094544,
84 silly audit report       url: 'https://github.com/advisories/GHSA-7fh5-64p2-3v2j',
84 silly audit report       title: 'PostCSS line return parsing error',
84 silly audit report       severity: 'moderate',
84 silly audit report       vulnerable_versions: '<8.4.31',
84 silly audit report       cwe: [Array],
84 silly audit report       cvss: [Object]
84 silly audit report     }
84 silly audit report   ],
84 silly audit report   zod: [
84 silly audit report     {
84 silly audit report       id: 1099462,
84 silly audit report       url: 'https://github.com/advisories/GHSA-m95q-7qp3-xv42',
84 silly audit report       title: 'Zod denial of service vulnerability',
84 silly audit report       severity: 'moderate',
84 silly audit report       vulnerable_versions: '<=3.22.2',
84 silly audit report       cwe: [Array],
84 silly audit report       cvss: [Object]
84 silly audit report     }
84 silly audit report   ]
84 silly audit report }
85 silly packumentCache corgi:https://registry.npmjs.org/cross-spawn cache-miss
86 silly packumentCache corgi:https://registry.npmjs.org/nanoid cache-miss
87 silly packumentCache corgi:https://registry.npmjs.org/next cache-miss
88 silly packumentCache corgi:https://registry.npmjs.org/postcss cache-miss
89 silly packumentCache corgi:https://registry.npmjs.org/zod cache-miss
90 http cache https://registry.npmjs.org/nanoid 184ms (cache hit)
91 silly packumentCache corgi:https://registry.npmjs.org/nanoid set size:138004 disposed:false
92 http cache https://registry.npmjs.org/zod 186ms (cache hit)
93 silly packumentCache corgi:https://registry.npmjs.org/zod set size:658196 disposed:false
94 http cache https://registry.npmjs.org/cross-spawn 199ms (cache hit)
95 silly packumentCache corgi:https://registry.npmjs.org/cross-spawn set size:44626 disposed:false
96 http cache https://registry.npmjs.org/next 238ms (cache hit)
97 silly packumentCache corgi:https://registry.npmjs.org/next set size:18456043 disposed:false
98 http cache https://registry.npmjs.org/postcss 717ms (cache hit)
99 silly packumentCache corgi:https://registry.npmjs.org/postcss set size:332926 disposed:false
100 silly packumentCache corgi:https://registry.npmjs.org/eslint cache-miss
101 silly packumentCache corgi:https://registry.npmjs.org/foreground-child cache-miss
102 http cache https://registry.npmjs.org/foreground-child 7ms (cache hit)
103 silly packumentCache corgi:https://registry.npmjs.org/foreground-child set size:20383 disposed:false
104 http cache https://registry.npmjs.org/eslint 11ms (cache hit)
105 silly packumentCache corgi:https://registry.npmjs.org/eslint set size:1022000 disposed:false
106 silly packumentCache corgi:https://registry.npmjs.org/autoprefixer cache-miss
107 silly packumentCache corgi:https://registry.npmjs.org/postcss-import cache-miss
108 silly packumentCache corgi:https://registry.npmjs.org/postcss-js cache-miss
109 silly packumentCache corgi:https://registry.npmjs.org/postcss-load-config cache-miss
110 silly packumentCache corgi:https://registry.npmjs.org/postcss-nested cache-miss
111 silly packumentCache corgi:https://registry.npmjs.org/tailwindcss cache-miss
112 http cache https://registry.npmjs.org/autoprefixer 54ms (cache hit)
113 silly packumentCache corgi:https://registry.npmjs.org/autoprefixer set size:290367 disposed:false
114 http cache https://registry.npmjs.org/postcss-js 57ms (cache hit)
115 silly packumentCache corgi:https://registry.npmjs.org/postcss-js set size:20759 disposed:false
116 http cache https://registry.npmjs.org/postcss-load-config 58ms (cache hit)
117 silly packumentCache corgi:https://registry.npmjs.org/postcss-load-config set size:37999 disposed:false
118 http cache https://registry.npmjs.org/postcss-import 61ms (cache hit)
119 silly packumentCache corgi:https://registry.npmjs.org/postcss-import set size:51326 disposed:false
120 http cache https://registry.npmjs.org/postcss-nested 62ms (cache hit)
121 silly packumentCache corgi:https://registry.npmjs.org/postcss-nested set size:41645 disposed:false
122 http cache https://registry.npmjs.org/tailwindcss 72ms (cache hit)
123 silly packumentCache corgi:https://registry.npmjs.org/tailwindcss set size:3991038 disposed:false
124 silly ADD
125 silly ADD
126 silly ADD
127 silly ADD
128 silly ADD
129 silly ADD
130 silly ADD
131 silly ADD
132 silly ADD
133 silly ADD
134 silly ADD
135 silly ADD
136 silly ADD
137 silly ADD
138 silly ADD
139 silly ADD
140 silly ADD
141 silly ADD
142 silly ADD
143 silly ADD
144 silly ADD
145 silly ADD
146 silly ADD
147 silly ADD
148 silly ADD
149 silly ADD
150 verbose cwd /Users/italofelipe/Downloads/portfolio-2.0-main
151 verbose os Darwin 24.1.0
152 verbose node v23.6.0
153 verbose npm  v11.0.0
154 verbose exit 0
155 info ok
